<?xml version="1.0" encoding="utf-8"?>
<TestRun id="ad184f9d-54ad-4675-8571-31ddc927b3e8" name="davyd.mcColl@CODEO-LT-45 2022-12-05 16:42:30" runUser="CLYRAL\davyd.mcColl" xmlns="http://microsoft.com/schemas/VisualStudio/TeamTest/2010">
  <Times creation="2022-12-05T16:42:30.8810095+02:00" queuing="2022-12-05T16:42:30.8810096+02:00" start="2022-12-05T16:42:30.2261672+02:00" finish="2022-12-05T16:42:33.1671880+02:00" />
  <TestSettings name="default" id="2cb663f7-eca9-46d5-a20c-dc6f41997203">
    <Deployment runDeploymentRoot="davyd.mcColl_CODEO-LT-45_2022-12-05_16_42_30" />
  </TestSettings>
  <Results>
    <UnitTestResult executionId="84004ac9-c2b4-48a1-86ff-16a15f218b83" testId="270e2a91-0758-27cf-2417-a389a37571d5" testName="ShouldProvideLocalFileSystemForLocalPath" computerName="CODEO-LT-45" duration="00:00:00.0012539" startTime="2022-12-05T16:42:32.6160573+02:00" endTime="2022-12-05T16:42:32.6173114+02:00" testType="13cdc9d9-ddb5-4fa4-a97d-d965ccfc6d4b" outcome="Passed" testListId="8c84fa94-04c1-424b-9868-57a2d4851a1d" relativeResultsDirectory="84004ac9-c2b4-48a1-86ff-16a15f218b83" />
    <UnitTestResult executionId="98d512c4-9aef-4871-9f61-5f1fbd931a6e" testId="0d869f33-cb43-a77b-6bfd-2f70f49d7fb1" testName="ShouldHaveProperty_(&quot;Size&quot;,System.Int64)" computerName="CODEO-LT-45" duration="00:00:00.0000130" startTime="2022-12-05T16:42:30.8204159+02:00" endTime="2022-12-05T16:42:30.8204290+02:00" testType="13cdc9d9-ddb5-4fa4-a97d-d965ccfc6d4b" outcome="Passed" testListId="8c84fa94-04c1-424b-9868-57a2d4851a1d" relativeResultsDirectory="98d512c4-9aef-4871-9f61-5f1fbd931a6e" />
    <UnitTestResult executionId="b56da3ca-d61f-4ca0-919f-3546cefe2fa0" testId="4eed1da8-a479-f7f9-5191-6e034dfa8982" testName="ShouldNotRecopyFileInHistoryFromRoot" computerName="CODEO-LT-45" duration="00:00:00.0485290" startTime="2022-12-05T16:42:32.9262332+02:00" endTime="2022-12-05T16:42:32.9747613+02:00" testType="13cdc9d9-ddb5-4fa4-a97d-d965ccfc6d4b" outcome="Passed" testListId="8c84fa94-04c1-424b-9868-57a2d4851a1d" relativeResultsDirectory="b56da3ca-d61f-4ca0-919f-3546cefe2fa0">
      <Output>
        <StdOut>Listing resources under C:\Temp\74cdb08a-6a77-4537-9556-6fbe4a1b0f79\target [ OK ]&#xD;
&#xD;
Listing resources under C:\Temp\74cdb08a-6a77-4537-9556-6fbe4a1b0f79\source [ OK ]&#xD;
&#xD;
Listing resources under C:\Temp\74cdb08a-6a77-4537-9556-6fbe4a1b0f79\archive [ OK ]&#xD;
&#xD;
Comparing source and target [ OK ]&#xD;
Up to date: C:\Temp\74cdb08a-6a77-4537-9556-6fbe4a1b0f79\source =&gt; C:\Temp\74cdb08a-6a77-4537-9556-6fbe4a1b0f79\archive&#xD;
&#xD;
Comparing source and target [ OK ]&#xD;
Start sync: C:\Temp\74cdb08a-6a77-4537-9556-6fbe4a1b0f79\source =&gt; C:\Temp\74cdb08a-6a77-4537-9556-6fbe4a1b0f79\target&#xD;
Overall transfer: 1 file, 802.6K&#xD;
&#xD;
&#xD;
&#xD;
Movie.mkv        &#xD;
                  &#xD;
&#xD;
Movie.mkv  [ OK ]&#xD;
Start sync: C:\Temp\74cdb08a-6a77-4537-9556-6fbe4a1b0f79\source =&gt; C:\Temp\74cdb08a-6a77-4537-9556-6fbe4a1b0f79\target&#xD;
Transferred 1 file, 802.6K, 0:00, avg 109.0M/s&#xD;
&#xD;
Listing resources under C:\Temp\74cdb08a-6a77-4537-9556-6fbe4a1b0f79\target [ OK ]&#xD;
&#xD;
Listing resources under C:\Temp\74cdb08a-6a77-4537-9556-6fbe4a1b0f79\source [ OK ]&#xD;
&#xD;
Listing resources under C:\Temp\74cdb08a-6a77-4537-9556-6fbe4a1b0f79\archive [ OK ]&#xD;
&#xD;
Comparing source and target [ OK ]&#xD;
Start archive: C:\Temp\74cdb08a-6a77-4537-9556-6fbe4a1b0f79\source =&gt; C:\Temp\74cdb08a-6a77-4537-9556-6fbe4a1b0f79\archive&#xD;
Overall transfer: 1 file, 802.6K&#xD;
&#xD;
&#xD;
&#xD;
Movie.mkv        &#xD;
                  &#xD;
&#xD;
Movie.mkv  [ OK ]&#xD;
Start archive: C:\Temp\74cdb08a-6a77-4537-9556-6fbe4a1b0f79\source =&gt; C:\Temp\74cdb08a-6a77-4537-9556-6fbe4a1b0f79\archive&#xD;
Transferred 1 file, 802.6K, 0:00, avg 291.1M/s&#xD;
&#xD;
Comparing source and target [ OK ]&#xD;
Up to date: C:\Temp\74cdb08a-6a77-4537-9556-6fbe4a1b0f79\source =&gt; C:\Temp\74cdb08a-6a77-4537-9556-6fbe4a1b0f79\target&#xD;
&#xD;
Listing resources under C:\Temp\74cdb08a-6a77-4537-9556-6fbe4a1b0f79\target [ OK ]&#xD;
&#xD;
Listing resources under C:\Temp\74cdb08a-6a77-4537-9556-6fbe4a1b0f79\source [ OK ]&#xD;
&#xD;
Listing resources under C:\Temp\74cdb08a-6a77-4537-9556-6fbe4a1b0f79\archive [ OK ]&#xD;
&#xD;
Comparing source and target [ OK ]&#xD;
Up to date: C:\Temp\74cdb08a-6a77-4537-9556-6fbe4a1b0f79\source =&gt; C:\Temp\74cdb08a-6a77-4537-9556-6fbe4a1b0f79\archive&#xD;
&#xD;
Comparing source and target [ OK ]&#xD;
&#xD;
Recording skipped item history [ OK ]&#xD;
Up to date: C:\Temp\74cdb08a-6a77-4537-9556-6fbe4a1b0f79\source =&gt; C:\Temp\74cdb08a-6a77-4537-9556-6fbe4a1b0f79\target</StdOut>
      </Output>
    </UnitTestResult>
    <UnitTestResult executionId="f62dac18-d268-4910-930c-4f2457d23acc" testId="94e336b9-c7c5-01b0-516d-1e84bf457c4e" testName="ShouldConvertPercent(20,0,&quot;⠛    &quot;)" computerName="CODEO-LT-45" duration="00:00:00.0000050" startTime="2022-12-05T16:42:32.6953142+02:00" endTime="2022-12-05T16:42:32.6953188+02:00" testType="13cdc9d9-ddb5-4fa4-a97d-d965ccfc6d4b" outcome="Passed" testListId="8c84fa94-04c1-424b-9868-57a2d4851a1d" relativeResultsDirectory="f62dac18-d268-4910-930c-4f2457d23acc" />
    <UnitTestResult executionId="eeb28c2c-26c3-4f25-bbdc-07ff1414b937" testId="4136d632-8479-e080-7808-2da09e9ae27e" testName="ShouldImplement_(bitsplat.Pipes.IPassThrough)" computerName="CODEO-LT-45" duration="00:00:00.0004230" startTime="2022-12-05T16:42:33.0385349+02:00" endTime="2022-12-05T16:42:33.0389581+02:00" testType="13cdc9d9-ddb5-4fa4-a97d-d965ccfc6d4b" outcome="Passed" testListId="8c84fa94-04c1-424b-9868-57a2d4851a1d" relativeResultsDirectory="eeb28c2c-26c3-4f25-bbdc-07ff1414b937" />
    <UnitTestResult executionId="3744cd37-22e6-4cee-af99-37fa2dcd9548" testId="063d4e4c-2015-6e98-f2a9-97ff8547dad2" testName="ShouldNotAllow" computerName="CODEO-LT-45" duration="00:00:00.0559720" startTime="2022-12-05T16:42:32.4719223+02:00" endTime="2022-12-05T16:42:32.5278946+02:00" testType="13cdc9d9-ddb5-4fa4-a97d-d965ccfc6d4b" outcome="Passed" testListId="8c84fa94-04c1-424b-9868-57a2d4851a1d" relativeResultsDirectory="3744cd37-22e6-4cee-af99-37fa2dcd9548" />
    <UnitTestResult executionId="4d08269e-7963-4733-b2b2-b66a0b59b7a5" testId="57cb448a-b1f4-3f33-9efa-317abd88a0a5" testName="IdeallyAsArrayConstructorParameter" computerName="CODEO-LT-45" duration="00:00:00.0000490" startTime="2022-12-05T16:42:30.6204983+02:00" endTime="2022-12-05T16:42:30.6205475+02:00" testType="13cdc9d9-ddb5-4fa4-a97d-d965ccfc6d4b" outcome="NotExecuted" testListId="8c84fa94-04c1-424b-9868-57a2d4851a1d" relativeResultsDirectory="4d08269e-7963-4733-b2b2-b66a0b59b7a5">
      <Output>
        <StdOut>Discovery</StdOut>
        <ErrorInfo>
          <Message>Discovery</Message>
        </ErrorInfo>
      </Output>
    </UnitTestResult>
    <UnitTestResult executionId="101cecb4-6435-44f4-8b86-d960db78adf2" testId="a1071e15-efe5-9c80-2e71-8312c0c0593e" testName="WhenNothingFound_ShouldReturnFalse" computerName="CODEO-LT-45" duration="00:00:00.0007120" startTime="2022-12-05T16:42:32.6285139+02:00" endTime="2022-12-05T16:42:32.6292256+02:00" testType="13cdc9d9-ddb5-4fa4-a97d-d965ccfc6d4b" outcome="Passed" testListId="8c84fa94-04c1-424b-9868-57a2d4851a1d" relativeResultsDirectory="101cecb4-6435-44f4-8b86-d960db78adf2" />
    <UnitTestResult executionId="1ba10148-9df0-4276-b1fa-d447e787f740" testId="967ad583-c9f2-e261-fe24-7bbf1c1751c5" testName="CreatingAClosedLoop" computerName="CODEO-LT-45" duration="00:00:00.0006669" startTime="2022-12-05T16:42:32.6959935+02:00" endTime="2022-12-05T16:42:32.6966606+02:00" testType="13cdc9d9-ddb5-4fa4-a97d-d965ccfc6d4b" outcome="Passed" testListId="8c84fa94-04c1-424b-9868-57a2d4851a1d" relativeResultsDirectory="1ba10148-9df0-4276-b1fa-d447e787f740" />
    <UnitTestResult executionId="9fb38288-99fc-4e56-9067-79edd4650a4a" testId="4cc909bd-c4d3-e0ee-6322-2a99e59d1033" testName="ShouldArchiveAWatchedFile" computerName="CODEO-LT-45" duration="00:00:00.0799710" startTime="2022-12-05T16:42:32.7055817+02:00" endTime="2022-12-05T16:42:32.7855525+02:00" testType="13cdc9d9-ddb5-4fa4-a97d-d965ccfc6d4b" outcome="Passed" testListId="8c84fa94-04c1-424b-9868-57a2d4851a1d" relativeResultsDirectory="9fb38288-99fc-4e56-9067-79edd4650a4a">
      <Output>
        <StdOut>Listing resources under C:\Temp\f6b5a5b3-37f6-4dc7-aaf7-8acde59128bb\target [ OK ]&#xD;
&#xD;
Listing resources under C:\Temp\f6b5a5b3-37f6-4dc7-aaf7-8acde59128bb\source [ OK ]&#xD;
&#xD;
Listing resources under C:\Temp\f6b5a5b3-37f6-4dc7-aaf7-8acde59128bb\archive [ OK ]&#xD;
&#xD;
Comparing source and target [ OK ]&#xD;
Start archive: C:\Temp\f6b5a5b3-37f6-4dc7-aaf7-8acde59128bb\source =&gt; C:\Temp\f6b5a5b3-37f6-4dc7-aaf7-8acde59128bb\archive&#xD;
Overall transfer: 1 file, 206.8K&#xD;
&#xD;
&#xD;
&#xD;
Some Series\Season 01\Episode 1.mkv        &#xD;
                                            &#xD;
&#xD;
Some Series\Season 01\Episode 1.mkv  [ OK ]&#xD;
Start archive: C:\Temp\f6b5a5b3-37f6-4dc7-aaf7-8acde59128bb\source =&gt; C:\Temp\f6b5a5b3-37f6-4dc7-aaf7-8acde59128bb\archive&#xD;
Transferred 1 file, 206.8K, 0:00, avg 43.3M/s&#xD;
&#xD;
Comparing source and target [ OK ]&#xD;
&#xD;
&#xD;
&#xD;
Some Series\Season 01\Episode 2.mkv        &#xD;
                                            &#xD;
&#xD;
Some Series\Season 01\Episode 2.mkv  [ OK ]</StdOut>
      </Output>
    </UnitTestResult>
    <UnitTestResult executionId="5bca0d51-08fe-43c0-8bd8-6d323af82617" testId="e8fab987-f3f5-d4ef-aa3b-8be9d652bbc5" testName="ShouldReturnTrueWhenHaveMatchForMultipleSwitches" computerName="CODEO-LT-45" duration="00:00:00.0000670" startTime="2022-12-05T16:42:32.6934237+02:00" endTime="2022-12-05T16:42:32.6934910+02:00" testType="13cdc9d9-ddb5-4fa4-a97d-d965ccfc6d4b" outcome="Passed" testListId="8c84fa94-04c1-424b-9868-57a2d4851a1d" relativeResultsDirectory="5bca0d51-08fe-43c0-8bd8-6d323af82617" />
    <UnitTestResult executionId="dc36bac4-512d-44a2-9374-c7d8c2290c54" testId="0c8bea50-10cf-abf9-5668-679f828098f4" testName="ShouldIgnoreDotFilesByDefault" computerName="CODEO-LT-45" duration="00:00:00.0015130" startTime="2022-12-05T16:42:32.6353239+02:00" endTime="2022-12-05T16:42:32.6368365+02:00" testType="13cdc9d9-ddb5-4fa4-a97d-d965ccfc6d4b" outcome="Passed" testListId="8c84fa94-04c1-424b-9868-57a2d4851a1d" relativeResultsDirectory="dc36bac4-512d-44a2-9374-c7d8c2290c54" />
    <UnitTestResult executionId="a73c2d4f-de3b-46de-88da-ec7b15acf42a" testId="a708bfeb-3283-95c5-d929-42284d4d53e4" testName="ShouldSupplyMinusOneForSizeIfUnableToStat" computerName="CODEO-LT-45" duration="00:00:00.0019040" startTime="2022-12-05T16:42:32.6439231+02:00" endTime="2022-12-05T16:42:32.6458265+02:00" testType="13cdc9d9-ddb5-4fa4-a97d-d965ccfc6d4b" outcome="Passed" testListId="8c84fa94-04c1-424b-9868-57a2d4851a1d" relativeResultsDirectory="a73c2d4f-de3b-46de-88da-ec7b15acf42a" />
    <UnitTestResult executionId="7e080c0e-bf21-470c-a17d-688602a4d4a6" testId="b3aff9d9-c27a-bdb4-fd3c-8a3e0c822f7b" testName="WhenStringHasDashes" computerName="CODEO-LT-45" duration="00:00:00.0000030" startTime="2022-12-05T16:42:30.6206678+02:00" endTime="2022-12-05T16:42:30.6206704+02:00" testType="13cdc9d9-ddb5-4fa4-a97d-d965ccfc6d4b" outcome="NotExecuted" testListId="8c84fa94-04c1-424b-9868-57a2d4851a1d" relativeResultsDirectory="7e080c0e-bf21-470c-a17d-688602a4d4a6">
      <Output>
        <StdOut>Discovery</StdOut>
        <ErrorInfo>
          <Message>Discovery</Message>
        </ErrorInfo>
      </Output>
    </UnitTestResult>
    <UnitTestResult executionId="c675de6f-9cbb-4d49-b545-23d56874cb39" testId="abb88ed6-d8c7-70b7-f329-e23f2e834e0a" testName="ShouldImplement_(bitsplat.Pipes.ISyncQueueNotifiable)" computerName="CODEO-LT-45" duration="00:00:00.0001499" startTime="2022-12-05T16:42:33.0389779+02:00" endTime="2022-12-05T16:42:33.0391274+02:00" testType="13cdc9d9-ddb5-4fa4-a97d-d965ccfc6d4b" outcome="Passed" testListId="8c84fa94-04c1-424b-9868-57a2d4851a1d" relativeResultsDirectory="c675de6f-9cbb-4d49-b545-23d56874cb39" />
    <UnitTestResult executionId="030ef238-1b69-41d2-ac9b-f1186d02c74f" testId="c42e1dc9-4604-296b-79f5-54f66c32548d" testName="ShouldProvideLocalFileSystemForFileProtocol" computerName="CODEO-LT-45" duration="00:00:00.0007400" startTime="2022-12-05T16:42:32.6179631+02:00" endTime="2022-12-05T16:42:32.6187029+02:00" testType="13cdc9d9-ddb5-4fa4-a97d-d965ccfc6d4b" outcome="Passed" testListId="8c84fa94-04c1-424b-9868-57a2d4851a1d" relativeResultsDirectory="030ef238-1b69-41d2-ac9b-f1186d02c74f" />
    <UnitTestResult executionId="2e45d7e9-3a96-4200-95a3-b1c1f4e063b0" testId="e37b3fa5-202f-7bbe-2515-90b1d78b8e5d" testName="WhenPathIsNotKnown_ShouldReturnFalse" computerName="CODEO-LT-45" duration="00:00:00.0151650" startTime="2022-12-05T16:42:31.0684941+02:00" endTime="2022-12-05T16:42:31.0836587+02:00" testType="13cdc9d9-ddb5-4fa4-a97d-d965ccfc6d4b" outcome="Passed" testListId="8c84fa94-04c1-424b-9868-57a2d4851a1d" relativeResultsDirectory="2e45d7e9-3a96-4200-95a3-b1c1f4e063b0" />
    <UnitTestResult executionId="fd722468-9240-45fe-8a1f-c6e3ce75aa43" testId="2573b412-f555-286a-a5a5-50b9623c9924" testName="ShouldInclude" computerName="CODEO-LT-45" duration="00:00:00.0012340" startTime="2022-12-05T16:42:30.8143610+02:00" endTime="2022-12-05T16:42:30.8155944+02:00" testType="13cdc9d9-ddb5-4fa4-a97d-d965ccfc6d4b" outcome="Passed" testListId="8c84fa94-04c1-424b-9868-57a2d4851a1d" relativeResultsDirectory="fd722468-9240-45fe-8a1f-c6e3ce75aa43" />
    <UnitTestResult executionId="af684beb-c7d5-43e8-9d74-15dd30c3c3c7" testId="15b2a238-de92-c4f8-0742-2c114b2ac213" testName="CanItBeDone" computerName="CODEO-LT-45" duration="00:00:00.0023680" startTime="2022-12-05T16:42:32.6567757+02:00" endTime="2022-12-05T16:42:32.6591441+02:00" testType="13cdc9d9-ddb5-4fa4-a97d-d965ccfc6d4b" outcome="Passed" testListId="8c84fa94-04c1-424b-9868-57a2d4851a1d" relativeResultsDirectory="af684beb-c7d5-43e8-9d74-15dd30c3c3c7" />
    <UnitTestResult executionId="fb7894f0-7b77-4dab-9087-06622d0fd4ac" testId="66012e08-29d2-d9bc-3b6b-02758092335f" testName="ShouldBeAmbivalent" computerName="CODEO-LT-45" duration="00:00:00.0007339" startTime="2022-12-05T16:42:30.8112688+02:00" endTime="2022-12-05T16:42:30.8120032+02:00" testType="13cdc9d9-ddb5-4fa4-a97d-d965ccfc6d4b" outcome="Passed" testListId="8c84fa94-04c1-424b-9868-57a2d4851a1d" relativeResultsDirectory="fb7894f0-7b77-4dab-9087-06622d0fd4ac" />
    <UnitTestResult executionId="5ed15e59-7b47-4b58-8924-597431c8202d" testId="1b60914c-47c1-8bae-660c-a1b770d90322" testName="Open" computerName="CODEO-LT-45" duration="00:00:00.0027010" startTime="2022-12-05T16:42:32.6021483+02:00" endTime="2022-12-05T16:42:32.6048492+02:00" testType="13cdc9d9-ddb5-4fa4-a97d-d965ccfc6d4b" outcome="Passed" testListId="8c84fa94-04c1-424b-9868-57a2d4851a1d" relativeResultsDirectory="5ed15e59-7b47-4b58-8924-597431c8202d" />
    <UnitTestResult executionId="1c03cce2-f547-4b6b-9972-782f1c9e9bc5" testId="e217b282-ef48-dc7f-d572-b9bc9f08ea03" testName="ShouldNotReWriteTheFile" computerName="CODEO-LT-45" duration="00:00:00.0056180" startTime="2022-12-05T16:42:33.0702118+02:00" endTime="2022-12-05T16:42:33.0758295+02:00" testType="13cdc9d9-ddb5-4fa4-a97d-d965ccfc6d4b" outcome="Passed" testListId="8c84fa94-04c1-424b-9868-57a2d4851a1d" relativeResultsDirectory="1c03cce2-f547-4b6b-9972-782f1c9e9bc5" />
    <UnitTestResult executionId="0c7180ce-b220-42ca-9ff5-e6732c5e3cbf" testId="fee981ca-e0f2-71e4-a97a-853a36d5933b" testName="ShouldMapMultiValueParametersToArray" computerName="CODEO-LT-45" duration="00:00:00.0012640" startTime="2022-12-05T16:42:32.6873462+02:00" endTime="2022-12-05T16:42:32.6886100+02:00" testType="13cdc9d9-ddb5-4fa4-a97d-d965ccfc6d4b" outcome="Passed" testListId="8c84fa94-04c1-424b-9868-57a2d4851a1d" relativeResultsDirectory="0c7180ce-b220-42ca-9ff5-e6732c5e3cbf" />
    <UnitTestResult executionId="8a80ac85-8572-439d-b8ae-e8804843630a" testId="e0bb5c85-b1a0-86dd-2ea6-d6f032a9b06d" testName="ShouldSupplyRelativePathOnDemand" computerName="CODEO-LT-45" duration="00:00:00.0063690" startTime="2022-12-05T16:42:32.6458515+02:00" endTime="2022-12-05T16:42:32.6522200+02:00" testType="13cdc9d9-ddb5-4fa4-a97d-d965ccfc6d4b" outcome="Passed" testListId="8c84fa94-04c1-424b-9868-57a2d4851a1d" relativeResultsDirectory="8a80ac85-8572-439d-b8ae-e8804843630a" />
    <UnitTestResult executionId="06f383a4-9750-41ec-a0ab-7daa5e1c0794" testId="3a956f85-74b3-2f1e-2134-deb986674db8" testName="ShouldMapMultiValueParametersToEnumerable" computerName="CODEO-LT-45" duration="00:00:00.0004050" startTime="2022-12-05T16:42:32.6886260+02:00" endTime="2022-12-05T16:42:32.6890313+02:00" testType="13cdc9d9-ddb5-4fa4-a97d-d965ccfc6d4b" outcome="Passed" testListId="8c84fa94-04c1-424b-9868-57a2d4851a1d" relativeResultsDirectory="06f383a4-9750-41ec-a0ab-7daa5e1c0794" />
    <UnitTestResult executionId="b3c6ed9d-eae1-4677-b042-d7fe008e7a0d" testId="8cea3767-a0c7-4ebf-67f6-7ba286df9088" testName="ShouldImplement_ISynchronizer" computerName="CODEO-LT-45" duration="00:00:00.0001160" startTime="2022-12-05T16:42:33.0535732+02:00" endTime="2022-12-05T16:42:33.0536890+02:00" testType="13cdc9d9-ddb5-4fa4-a97d-d965ccfc6d4b" outcome="Passed" testListId="8c84fa94-04c1-424b-9868-57a2d4851a1d" relativeResultsDirectory="b3c6ed9d-eae1-4677-b042-d7fe008e7a0d" />
    <UnitTestResult executionId="31c75af8-896b-4acc-bc4d-1a238672ec74" testId="1630bd88-5b25-3eac-928b-d658308f42ea" testName="ShouldConvertPercent(15,0,&quot;⠋    &quot;)" computerName="CODEO-LT-45" duration="00:00:00.0000060" startTime="2022-12-05T16:42:32.6953059+02:00" endTime="2022-12-05T16:42:32.6953119+02:00" testType="13cdc9d9-ddb5-4fa4-a97d-d965ccfc6d4b" outcome="Passed" testListId="8c84fa94-04c1-424b-9868-57a2d4851a1d" relativeResultsDirectory="31c75af8-896b-4acc-bc4d-1a238672ec74" />
    <UnitTestResult executionId="4bf85c4c-262d-4027-a5b7-9ba00288965c" testId="7076d8d8-e554-b204-79a5-dddf456bd7da" testName="ShouldSupplySizeOnDemand" computerName="CODEO-LT-45" duration="00:00:00.0013029" startTime="2022-12-05T16:42:32.6522407+02:00" endTime="2022-12-05T16:42:32.6535432+02:00" testType="13cdc9d9-ddb5-4fa4-a97d-d965ccfc6d4b" outcome="Passed" testListId="8c84fa94-04c1-424b-9868-57a2d4851a1d" relativeResultsDirectory="4bf85c4c-262d-4027-a5b7-9ba00288965c" />
    <UnitTestResult executionId="d91d0c41-9968-47c0-a2c7-0249eb751a16" testId="e373a68b-131d-69e9-460a-d7a24a27ac49" testName="ShouldConvertPercent(11,0,&quot;⠃    &quot;)" computerName="CODEO-LT-45" duration="00:00:00.0000110" startTime="2022-12-05T16:42:32.6952921+02:00" endTime="2022-12-05T16:42:32.6953029+02:00" testType="13cdc9d9-ddb5-4fa4-a97d-d965ccfc6d4b" outcome="Passed" testListId="8c84fa94-04c1-424b-9868-57a2d4851a1d" relativeResultsDirectory="d91d0c41-9968-47c0-a2c7-0249eb751a16" />
    <UnitTestResult executionId="41b2f92b-cfe3-434d-af6d-2878fab3ac99" testId="250a401a-fd4a-55db-4578-4c132f2b59a2" testName="WhenFileDoesNotExist_AndModeIs_Append_ShouldCreateFile" computerName="CODEO-LT-45" duration="00:00:00.0014960" startTime="2022-12-05T16:42:32.6536806+02:00" endTime="2022-12-05T16:42:32.6551762+02:00" testType="13cdc9d9-ddb5-4fa4-a97d-d965ccfc6d4b" outcome="Passed" testListId="8c84fa94-04c1-424b-9868-57a2d4851a1d" relativeResultsDirectory="41b2f92b-cfe3-434d-af6d-2878fab3ac99" />
    <UnitTestResult executionId="53aad2b9-77c7-43e4-b604-eeec3af2fe5d" testId="b5d670e6-ca2d-528d-b6a5-866b3196ffc5" testName="ShouldArchiveOnlyThoseFiles" computerName="CODEO-LT-45" duration="00:00:00.0047210" startTime="2022-12-05T16:42:32.7007283+02:00" endTime="2022-12-05T16:42:32.7054492+02:00" testType="13cdc9d9-ddb5-4fa4-a97d-d965ccfc6d4b" outcome="Passed" testListId="8c84fa94-04c1-424b-9868-57a2d4851a1d" relativeResultsDirectory="53aad2b9-77c7-43e4-b604-eeec3af2fe5d" />
    <UnitTestResult executionId="289adfda-61e9-496a-8031-142bf63a628a" testId="bc4a849b-962e-10e5-52f5-c09cdc3350a6" testName="ShouldPassThroughAllProvidedIntermediatesInOrder" computerName="CODEO-LT-45" duration="00:00:00.0046110" startTime="2022-12-05T16:42:33.0615293+02:00" endTime="2022-12-05T16:42:33.0661398+02:00" testType="13cdc9d9-ddb5-4fa4-a97d-d965ccfc6d4b" outcome="Passed" testListId="8c84fa94-04c1-424b-9868-57a2d4851a1d" relativeResultsDirectory="289adfda-61e9-496a-8031-142bf63a628a" />
    <UnitTestResult executionId="59609b88-5456-4db2-85aa-6a6717461782" testId="e2709766-b42f-6106-0adc-d9066549dcd3" testName="ShouldNotifyOfFirstResourceStarting" computerName="CODEO-LT-45" duration="00:00:00.0016380" startTime="2022-12-05T16:42:33.0497907+02:00" endTime="2022-12-05T16:42:33.0514289+02:00" testType="13cdc9d9-ddb5-4fa4-a97d-d965ccfc6d4b" outcome="Passed" testListId="8c84fa94-04c1-424b-9868-57a2d4851a1d" relativeResultsDirectory="59609b88-5456-4db2-85aa-6a6717461782" />
    <UnitTestResult executionId="8277d46b-ee28-4e7e-be49-c1cb1f2c73e0" testId="12295de3-31fb-7915-ae0f-0b717eb6f9ed" testName="ShouldBeAmbivalent" computerName="CODEO-LT-45" duration="00:00:00.1765100" startTime="2022-12-05T16:42:30.6313024+02:00" endTime="2022-12-05T16:42:30.8078126+02:00" testType="13cdc9d9-ddb5-4fa4-a97d-d965ccfc6d4b" outcome="Passed" testListId="8c84fa94-04c1-424b-9868-57a2d4851a1d" relativeResultsDirectory="8277d46b-ee28-4e7e-be49-c1cb1f2c73e0" />
    <UnitTestResult executionId="f1e5c833-6274-4484-8c6e-d07c44c5d0e9" testId="ff22f84f-3e49-f37a-2be8-b9a661dedbe0" testName="ShouldNotThrow" computerName="CODEO-LT-45" duration="00:00:00.0007120" startTime="2022-12-05T16:42:32.6253582+02:00" endTime="2022-12-05T16:42:32.6260703+02:00" testType="13cdc9d9-ddb5-4fa4-a97d-d965ccfc6d4b" outcome="Passed" testListId="8c84fa94-04c1-424b-9868-57a2d4851a1d" relativeResultsDirectory="f1e5c833-6274-4484-8c6e-d07c44c5d0e9" />
    <UnitTestResult executionId="bf18d09c-9a46-4648-801e-be4712c6929a" testId="73bee0e9-c6dd-d835-8a95-e9763f6d7dd2" testName="ShouldNotYetKnowHowToProvideFtpFileSystem" computerName="CODEO-LT-45" duration="00:00:00.0004850" startTime="2022-12-05T16:42:32.6174613+02:00" endTime="2022-12-05T16:42:32.6179461+02:00" testType="13cdc9d9-ddb5-4fa4-a97d-d965ccfc6d4b" outcome="Passed" testListId="8c84fa94-04c1-424b-9868-57a2d4851a1d" relativeResultsDirectory="bf18d09c-9a46-4648-801e-be4712c6929a" />
    <UnitTestResult executionId="feb05e6f-5395-44ea-a93b-da2b08628149" testId="8f5435a0-4a24-0c55-c57f-b7c2cd54674e" testName="ShouldRemoveAllMatchedSwitches" computerName="CODEO-LT-45" duration="00:00:00.0001940" startTime="2022-12-05T16:42:32.6930216+02:00" endTime="2022-12-05T16:42:32.6932157+02:00" testType="13cdc9d9-ddb5-4fa4-a97d-d965ccfc6d4b" outcome="Passed" testListId="8c84fa94-04c1-424b-9868-57a2d4851a1d" relativeResultsDirectory="feb05e6f-5395-44ea-a93b-da2b08628149" />
    <UnitTestResult executionId="745efe25-3cff-4332-8dce-e78aa447bd6f" testId="36a8a181-72df-1f92-aa32-cad04939658a" testName="ShouldNotifyOf100PercentCompletionForResource" computerName="CODEO-LT-45" duration="00:00:00.0023019" startTime="2022-12-05T16:42:33.0473942+02:00" endTime="2022-12-05T16:42:33.0496959+02:00" testType="13cdc9d9-ddb5-4fa4-a97d-d965ccfc6d4b" outcome="Passed" testListId="8c84fa94-04c1-424b-9868-57a2d4851a1d" relativeResultsDirectory="745efe25-3cff-4332-8dce-e78aa447bd6f" />
    <UnitTestResult executionId="637728a8-09b4-4b50-ac03-802c4a65bf01" testId="b576205f-467a-5846-1d72-4af23f941aa6" testName="ShouldHaveSingleFlagWithFalseValueWhenNoDefault" computerName="CODEO-LT-45" duration="00:00:00.0007640" startTime="2022-12-05T16:42:32.6747732+02:00" endTime="2022-12-05T16:42:32.6755366+02:00" testType="13cdc9d9-ddb5-4fa4-a97d-d965ccfc6d4b" outcome="Passed" testListId="8c84fa94-04c1-424b-9868-57a2d4851a1d" relativeResultsDirectory="637728a8-09b4-4b50-ac03-802c4a65bf01" />
    <UnitTestResult executionId="f088d555-9aa7-43e6-9f42-dc5ae35f9fb8" testId="c7382754-bed0-4fe6-ba04-d62423c08c36" testName="WhenFileExists_RelativeToConstructionPath_ShouldReturnTrue" computerName="CODEO-LT-45" duration="00:00:00.0010240" startTime="2022-12-05T16:42:32.6326814+02:00" endTime="2022-12-05T16:42:32.6337050+02:00" testType="13cdc9d9-ddb5-4fa4-a97d-d965ccfc6d4b" outcome="Passed" testListId="8c84fa94-04c1-424b-9868-57a2d4851a1d" relativeResultsDirectory="f088d555-9aa7-43e6-9f42-dc5ae35f9fb8" />
    <UnitTestResult executionId="55624c9b-bb1b-4d0c-8fcc-a725216f1aaf" testId="7438e492-e3df-9681-4343-cf42fe9b6066" testName="ShouldEjectEachSubsequentMatch" computerName="CODEO-LT-45" duration="00:00:00.0003440" startTime="2022-12-05T16:42:32.6921952+02:00" endTime="2022-12-05T16:42:32.6925394+02:00" testType="13cdc9d9-ddb5-4fa4-a97d-d965ccfc6d4b" outcome="Passed" testListId="8c84fa94-04c1-424b-9868-57a2d4851a1d" relativeResultsDirectory="55624c9b-bb1b-4d0c-8fcc-a725216f1aaf" />
    <UnitTestResult executionId="6118c949-98ff-43a2-a3a1-59a4ddf7afa5" testId="e4975dd7-b58f-ff4c-7797-f13d70ff6c8a" testName="ShouldNotRecopyFileInHistory" computerName="CODEO-LT-45" duration="00:00:00.0366680" startTime="2022-12-05T16:42:32.8895365+02:00" endTime="2022-12-05T16:42:32.9262043+02:00" testType="13cdc9d9-ddb5-4fa4-a97d-d965ccfc6d4b" outcome="Passed" testListId="8c84fa94-04c1-424b-9868-57a2d4851a1d" relativeResultsDirectory="6118c949-98ff-43a2-a3a1-59a4ddf7afa5">
      <Output>
        <StdOut>Listing resources under C:\Temp\44bb0e9c-b510-40c0-b2d2-53ae0193ac2e\source [ OK ]&#xD;
&#xD;
Listing resources under C:\Temp\44bb0e9c-b510-40c0-b2d2-53ae0193ac2e\target [ OK ]&#xD;
&#xD;
Comparing source and target [ OK ]&#xD;
Start sync: C:\Temp\44bb0e9c-b510-40c0-b2d2-53ae0193ac2e\source =&gt; C:\Temp\44bb0e9c-b510-40c0-b2d2-53ae0193ac2e\target&#xD;
Overall transfer: 1 file, 560.2K&#xD;
&#xD;
&#xD;
&#xD;
d7qmsco        &#xD;
                &#xD;
&#xD;
d7qmsco  [ OK ]&#xD;
Start sync: C:\Temp\44bb0e9c-b510-40c0-b2d2-53ae0193ac2e\source =&gt; C:\Temp\44bb0e9c-b510-40c0-b2d2-53ae0193ac2e\target&#xD;
Transferred 1 file, 560.2K, 0:00, avg 83.9M/s&#xD;
&#xD;
Listing resources under C:\Temp\44bb0e9c-b510-40c0-b2d2-53ae0193ac2e\source [ OK ]&#xD;
&#xD;
Listing resources under C:\Temp\44bb0e9c-b510-40c0-b2d2-53ae0193ac2e\target [ OK ]&#xD;
&#xD;
Comparing source and target [ OK ]&#xD;
&#xD;
Recording skipped item history [ OK ]&#xD;
Up to date: C:\Temp\44bb0e9c-b510-40c0-b2d2-53ae0193ac2e\source =&gt; C:\Temp\44bb0e9c-b510-40c0-b2d2-53ae0193ac2e\target</StdOut>
      </Output>
    </UnitTestResult>
    <UnitTestResult executionId="0500002a-8c58-4302-9dd5-b2a5e1431c26" testId="ce281e3d-f567-3f63-88a2-c15ffe93e77f" testName="IsDirectory" computerName="CODEO-LT-45" duration="00:00:00.0005870" startTime="2022-12-05T16:42:32.5920014+02:00" endTime="2022-12-05T16:42:32.5925884+02:00" testType="13cdc9d9-ddb5-4fa4-a97d-d965ccfc6d4b" outcome="Passed" testListId="8c84fa94-04c1-424b-9868-57a2d4851a1d" relativeResultsDirectory="0500002a-8c58-4302-9dd5-b2a5e1431c26" />
    <UnitTestResult executionId="5477da41-8c69-4af1-bb4c-ce7abab62f28" testId="1db4fe0e-1950-427d-0920-48e0a3043cbc" testName="ShouldReturnEmptyWhenNoSwitchMatches" computerName="CODEO-LT-45" duration="00:00:00.0002180" startTime="2022-12-05T16:42:32.6927128+02:00" endTime="2022-12-05T16:42:32.6929303+02:00" testType="13cdc9d9-ddb5-4fa4-a97d-d965ccfc6d4b" outcome="Passed" testListId="8c84fa94-04c1-424b-9868-57a2d4851a1d" relativeResultsDirectory="5477da41-8c69-4af1-bb4c-ce7abab62f28" />
    <UnitTestResult executionId="dec9c14a-6b04-4df9-92ca-57b5f7dee44b" testId="dab30e6b-7f96-247a-f5b6-a04d65d209ac" testName="ShouldNotifyNotifiablePipesWithPossibleResumeSizes" computerName="CODEO-LT-45" duration="00:00:00.0133710" startTime="2022-12-05T16:42:33.0937455+02:00" endTime="2022-12-05T16:42:33.1071158+02:00" testType="13cdc9d9-ddb5-4fa4-a97d-d965ccfc6d4b" outcome="Passed" testListId="8c84fa94-04c1-424b-9868-57a2d4851a1d" relativeResultsDirectory="dec9c14a-6b04-4df9-92ca-57b5f7dee44b" />
    <UnitTestResult executionId="70cee078-c79c-4f53-a023-3786c2297c94" testId="f426e8da-c0b2-c191-5e87-e124ca0e5fd5" testName="ShouldIncludeSourcesMatchingTargetFolder" computerName="CODEO-LT-45" duration="00:00:00.0032840" startTime="2022-12-05T16:42:32.4579568+02:00" endTime="2022-12-05T16:42:32.4612404+02:00" testType="13cdc9d9-ddb5-4fa4-a97d-d965ccfc6d4b" outcome="Passed" testListId="8c84fa94-04c1-424b-9868-57a2d4851a1d" relativeResultsDirectory="70cee078-c79c-4f53-a023-3786c2297c94" />
    <UnitTestResult executionId="607a13ab-ab6c-4ca0-ae3b-f27411be778e" testId="02a9e564-da7c-c96d-b9a6-f9c8c79f820a" testName="ShouldMakeHistoryPathUnique" computerName="CODEO-LT-45" duration="00:00:00.1621080" startTime="2022-12-05T16:42:30.8213566+02:00" endTime="2022-12-05T16:42:30.9834645+02:00" testType="13cdc9d9-ddb5-4fa4-a97d-d965ccfc6d4b" outcome="Passed" testListId="8c84fa94-04c1-424b-9868-57a2d4851a1d" relativeResultsDirectory="607a13ab-ab6c-4ca0-ae3b-f27411be778e" />
    <UnitTestResult executionId="0e4ba32c-5c73-401f-8da6-7a40eadfc086" testId="ee0741f7-df0b-b612-c3d4-6b8b2d3ea0ca" testName="ShouldMapSingleEnum" computerName="CODEO-LT-45" duration="00:00:00.0021460" startTime="2022-12-05T16:42:32.6894189+02:00" endTime="2022-12-05T16:42:32.6915651+02:00" testType="13cdc9d9-ddb5-4fa4-a97d-d965ccfc6d4b" outcome="Passed" testListId="8c84fa94-04c1-424b-9868-57a2d4851a1d" relativeResultsDirectory="0e4ba32c-5c73-401f-8da6-7a40eadfc086" />
    <UnitTestResult executionId="7d815439-a094-4a50-b6ab-4ee53d662092" testId="fe640df5-df14-9c98-238d-e3e191e1af90" testName="ShouldOnlySyncCommonFoldersAndRoot" computerName="CODEO-LT-45" duration="00:00:00.0364540" startTime="2022-12-05T16:42:33.0018339+02:00" endTime="2022-12-05T16:42:33.0382875+02:00" testType="13cdc9d9-ddb5-4fa4-a97d-d965ccfc6d4b" outcome="Passed" testListId="8c84fa94-04c1-424b-9868-57a2d4851a1d" relativeResultsDirectory="7d815439-a094-4a50-b6ab-4ee53d662092">
      <Output>
        <StdOut>Listing resources under C:\Temp\c1b39708-17b0-4827-af62-069f2bc7678e\source [ OK ]&#xD;
&#xD;
Listing resources under C:\Temp\c1b39708-17b0-4827-af62-069f2bc7678e\target [ OK ]&#xD;
&#xD;
Comparing source and target [ OK ]&#xD;
Start sync: C:\Temp\c1b39708-17b0-4827-af62-069f2bc7678e\source =&gt; C:\Temp\c1b39708-17b0-4827-af62-069f2bc7678e\target&#xD;
Overall transfer: 2 files, 1.8M&#xD;
&#xD;
&#xD;
&#xD;
mu27g4l                                       &#xD;
                                               &#xD;
&#xD;
mu27g4l                                 [ OK ]&#xD;
&#xD;
&#xD;
&#xD;
xve0wo\Season 04\S04E01 Epic Title.mkv        &#xD;
                                               &#xD;
&#xD;
xve0wo\Season 04\S04E01 Epic Title.mkv  [ OK ]&#xD;
Start sync: C:\Temp\c1b39708-17b0-4827-af62-069f2bc7678e\source =&gt; C:\Temp\c1b39708-17b0-4827-af62-069f2bc7678e\target&#xD;
Transferred 2 files, 1.8M, 0:00, avg 145.8M/s</StdOut>
      </Output>
    </UnitTestResult>
    <UnitTestResult executionId="46b0d829-9f4d-4b9f-80ea-bd914c63695e" testId="ab0d0c41-b7f2-d081-3bd5-660943c280f4" testName="ShouldReturnSingleFileUnderBasePath" computerName="CODEO-LT-45" duration="00:00:00.0009920" startTime="2022-12-05T16:42:32.6429167+02:00" endTime="2022-12-05T16:42:32.6439085+02:00" testType="13cdc9d9-ddb5-4fa4-a97d-d965ccfc6d4b" outcome="Passed" testListId="8c84fa94-04c1-424b-9868-57a2d4851a1d" relativeResultsDirectory="46b0d829-9f4d-4b9f-80ea-bd914c63695e" />
    <UnitTestResult executionId="95e16ce6-e4d3-4511-808f-5f73cff4277b" testId="510c79ae-59af-30ae-95f9-4137fd7c2270" testName="ShouldImplement_ITargetHistoryRepository" computerName="CODEO-LT-45" duration="00:00:00.0007460" startTime="2022-12-05T16:42:30.8205335+02:00" endTime="2022-12-05T16:42:30.8212796+02:00" testType="13cdc9d9-ddb5-4fa4-a97d-d965ccfc6d4b" outcome="Passed" testListId="8c84fa94-04c1-424b-9868-57a2d4851a1d" relativeResultsDirectory="95e16ce6-e4d3-4511-808f-5f73cff4277b" />
    <UnitTestResult executionId="ec8cc363-5bbe-4ee3-980a-f45d967af5c1" testId="9d3922dd-2bb0-dd69-a6b1-ea41c731893e" testName="ShouldRemoveFromCachedList" computerName="CODEO-LT-45" duration="00:00:00.0063020" startTime="2022-12-05T16:42:32.6049704+02:00" endTime="2022-12-05T16:42:32.6112720+02:00" testType="13cdc9d9-ddb5-4fa4-a97d-d965ccfc6d4b" outcome="Passed" testListId="8c84fa94-04c1-424b-9868-57a2d4851a1d" relativeResultsDirectory="ec8cc363-5bbe-4ee3-980a-f45d967af5c1" />
    <UnitTestResult executionId="bd1e34d4-caa5-4949-b1bd-ca9347f134d8" testId="390ede40-ce67-1def-f02e-03ac0744ae39" testName="ShouldStringMapParameterByName" computerName="CODEO-LT-45" duration="00:00:00.0003869" startTime="2022-12-05T16:42:32.6915841+02:00" endTime="2022-12-05T16:42:32.6919710+02:00" testType="13cdc9d9-ddb5-4fa4-a97d-d965ccfc6d4b" outcome="Passed" testListId="8c84fa94-04c1-424b-9868-57a2d4851a1d" relativeResultsDirectory="bd1e34d4-caa5-4949-b1bd-ca9347f134d8" />
    <UnitTestResult executionId="8376cb06-297d-4421-ae5a-ec98f0af8f69" testId="9a307ab4-8ecf-579f-7c7b-f7b1cb14f40d" testName="ShouldAllow" computerName="CODEO-LT-45" duration="00:00:00.0481899" startTime="2022-12-05T16:42:32.5280891+02:00" endTime="2022-12-05T16:42:32.5762791+02:00" testType="13cdc9d9-ddb5-4fa4-a97d-d965ccfc6d4b" outcome="Passed" testListId="8c84fa94-04c1-424b-9868-57a2d4851a1d" relativeResultsDirectory="8376cb06-297d-4421-ae5a-ec98f0af8f69" />
    <UnitTestResult executionId="0c2840f0-ee5a-4357-91d0-67885e718d6b" testId="17eae291-cf71-1ceb-f3d4-834d764c0ebd" testName="ShouldMapConvertable" computerName="CODEO-LT-45" duration="00:00:00.0075940" startTime="2022-12-05T16:42:32.6797335+02:00" endTime="2022-12-05T16:42:32.6873275+02:00" testType="13cdc9d9-ddb5-4fa4-a97d-d965ccfc6d4b" outcome="Passed" testListId="8c84fa94-04c1-424b-9868-57a2d4851a1d" relativeResultsDirectory="0c2840f0-ee5a-4357-91d0-67885e718d6b" />
    <UnitTestResult executionId="acaf59a0-9167-4c72-aabd-a667d2f6f29d" testId="bc67c918-f241-3733-fc9e-437a4e13d499" testName="ShouldNotifyOfSecondResourceStarting" computerName="CODEO-LT-45" duration="00:00:00.0020140" startTime="2022-12-05T16:42:33.0514477+02:00" endTime="2022-12-05T16:42:33.0534616+02:00" testType="13cdc9d9-ddb5-4fa4-a97d-d965ccfc6d4b" outcome="Passed" testListId="8c84fa94-04c1-424b-9868-57a2d4851a1d" relativeResultsDirectory="acaf59a0-9167-4c72-aabd-a667d2f6f29d" />
    <UnitTestResult executionId="5238ff74-cdec-4c68-b977-832696dc0399" testId="80c65b13-0664-e4b7-cdad-13b0a03e41c4" testName="ShouldDoNothing" computerName="CODEO-LT-45" duration="00:00:00.0015880" startTime="2022-12-05T16:42:32.6973699+02:00" endTime="2022-12-05T16:42:32.6989577+02:00" testType="13cdc9d9-ddb5-4fa4-a97d-d965ccfc6d4b" outcome="Passed" testListId="8c84fa94-04c1-424b-9868-57a2d4851a1d" relativeResultsDirectory="5238ff74-cdec-4c68-b977-832696dc0399" />
    <UnitTestResult executionId="3bd29af7-252b-48d8-a11f-50b2448314d1" testId="abbc0ae5-389f-6a98-c986-bcf8535768f6" testName="StrangeFile" computerName="CODEO-LT-45" duration="00:00:00.0000030" startTime="2022-12-05T16:42:32.6210856+02:00" endTime="2022-12-05T16:42:32.6210891+02:00" testType="13cdc9d9-ddb5-4fa4-a97d-d965ccfc6d4b" outcome="NotExecuted" testListId="8c84fa94-04c1-424b-9868-57a2d4851a1d" relativeResultsDirectory="3bd29af7-252b-48d8-a11f-50b2448314d1">
      <Output>
        <StdOut>discovery</StdOut>
        <ErrorInfo>
          <Message>discovery</Message>
        </ErrorInfo>
      </Output>
    </UnitTestResult>
    <UnitTestResult executionId="a83b446e-301c-4ec5-8f0e-01f902fb4141" testId="fb30281c-e950-5cb3-526f-7f82c1104c61" testName="ShouldAddANewHistoryItem" computerName="CODEO-LT-45" duration="00:00:00.0189259" startTime="2022-12-05T16:42:31.1754258+02:00" endTime="2022-12-05T16:42:31.1943507+02:00" testType="13cdc9d9-ddb5-4fa4-a97d-d965ccfc6d4b" outcome="Passed" testListId="8c84fa94-04c1-424b-9868-57a2d4851a1d" relativeResultsDirectory="a83b446e-301c-4ec5-8f0e-01f902fb4141" />
    <UnitTestResult executionId="fddd6ad3-7f9a-4208-b2d7-f1557ed35355" testId="f39f8bb8-4e2c-0bfc-a740-80d6a3ddd3e6" testName="ShouldImplement_IFileSystem" computerName="CODEO-LT-45" duration="00:00:00.0001380" startTime="2022-12-05T16:42:32.6209391+02:00" endTime="2022-12-05T16:42:32.6210772+02:00" testType="13cdc9d9-ddb5-4fa4-a97d-d965ccfc6d4b" outcome="Passed" testListId="8c84fa94-04c1-424b-9868-57a2d4851a1d" relativeResultsDirectory="fddd6ad3-7f9a-4208-b2d7-f1557ed35355" />
    <UnitTestResult executionId="1704703f-22f7-489f-8be4-009f16b9db4d" testId="c44730c8-4607-e575-6c31-e4e38bce0e05" testName="ShouldNotCreateTargetHistoryIfNoHistorySpecified" computerName="CODEO-LT-45" duration="00:00:00.0488410" startTime="2022-12-05T16:42:32.7855794+02:00" endTime="2022-12-05T16:42:32.8344203+02:00" testType="13cdc9d9-ddb5-4fa4-a97d-d965ccfc6d4b" outcome="Passed" testListId="8c84fa94-04c1-424b-9868-57a2d4851a1d" relativeResultsDirectory="1704703f-22f7-489f-8be4-009f16b9db4d">
      <Output>
        <StdOut>Listing resources under C:\Temp\bd0846a5-78c3-485d-8356-234108483534\source [ OK ]&#xD;
&#xD;
Listing resources under C:\Temp\bd0846a5-78c3-485d-8356-234108483534\target [ OK ]&#xD;
&#xD;
Comparing source and target [ OK ]&#xD;
Start sync: C:\Temp\bd0846a5-78c3-485d-8356-234108483534\source =&gt; C:\Temp\bd0846a5-78c3-485d-8356-234108483534\target&#xD;
Overall transfer: 1 file, 947.2K&#xD;
&#xD;
&#xD;
&#xD;
4owq1e145        &#xD;
                  &#xD;
&#xD;
4owq1e145  [ OK ]&#xD;
Start sync: C:\Temp\bd0846a5-78c3-485d-8356-234108483534\source =&gt; C:\Temp\bd0846a5-78c3-485d-8356-234108483534\target&#xD;
Transferred 1 file, 947.2K, 0:00, avg 288.8M/s</StdOut>
      </Output>
    </UnitTestResult>
    <UnitTestResult executionId="af256c63-0771-45f4-ae51-85374ce6f570" testId="be311dbb-f7bb-9af8-1ba6-7dd5e3b9c3db" testName="ShouldConvertPercent(25,0,&quot;⠛⠁   &quot;)" computerName="CODEO-LT-45" duration="00:00:00.0005740" startTime="2022-12-05T16:42:32.6953210+02:00" endTime="2022-12-05T16:42:32.6958945+02:00" testType="13cdc9d9-ddb5-4fa4-a97d-d965ccfc6d4b" outcome="Passed" testListId="8c84fa94-04c1-424b-9868-57a2d4851a1d" relativeResultsDirectory="af256c63-0771-45f4-ae51-85374ce6f570" />
    <UnitTestResult executionId="7e4a6a2b-bb15-48a5-a1f4-719940c7ead3" testId="2887aca6-6a9c-e4ea-5343-e61238331771" testName="WhenTargetDatabaseMissing_ShouldAddHistoryTable" computerName="CODEO-LT-45" duration="00:00:00.0376310" startTime="2022-12-05T16:42:30.9834944+02:00" endTime="2022-12-05T16:42:31.0211248+02:00" testType="13cdc9d9-ddb5-4fa4-a97d-d965ccfc6d4b" outcome="Passed" testListId="8c84fa94-04c1-424b-9868-57a2d4851a1d" relativeResultsDirectory="7e4a6a2b-bb15-48a5-a1f4-719940c7ead3" />
    <UnitTestResult executionId="5d98110e-e17b-4c69-818b-ff02c5fb8e29" testId="0870cf23-3d01-5929-0f65-9f8d28fd1bd7" testName="ShouldInclude" computerName="CODEO-LT-45" duration="00:00:00.0021350" startTime="2022-12-05T16:42:30.8121345+02:00" endTime="2022-12-05T16:42:30.8142690+02:00" testType="13cdc9d9-ddb5-4fa4-a97d-d965ccfc6d4b" outcome="Passed" testListId="8c84fa94-04c1-424b-9868-57a2d4851a1d" relativeResultsDirectory="5d98110e-e17b-4c69-818b-ff02c5fb8e29" />
    <UnitTestResult executionId="fe48518e-6d8f-4df0-b334-1eac3d54c7dd" testId="806bcb25-ea4c-8822-b6e5-dc3a3bd31af2" testName="ShouldAllowPercentageInPath" computerName="CODEO-LT-45" duration="00:00:00.0221450" startTime="2022-12-05T16:42:31.1531437+02:00" endTime="2022-12-05T16:42:31.1752889+02:00" testType="13cdc9d9-ddb5-4fa4-a97d-d965ccfc6d4b" outcome="Passed" testListId="8c84fa94-04c1-424b-9868-57a2d4851a1d" relativeResultsDirectory="fe48518e-6d8f-4df0-b334-1eac3d54c7dd" />
    <UnitTestResult executionId="5b5727e3-8b51-45b6-8535-40b2687912fe" testId="fd680b38-e6c0-bb96-9c41-cf1aff4fd371" testName="ShouldListRecursiveOnBoth" computerName="CODEO-LT-45" duration="00:00:00.0010330" startTime="2022-12-05T16:42:33.0537539+02:00" endTime="2022-12-05T16:42:33.0547867+02:00" testType="13cdc9d9-ddb5-4fa4-a97d-d965ccfc6d4b" outcome="Passed" testListId="8c84fa94-04c1-424b-9868-57a2d4851a1d" relativeResultsDirectory="5b5727e3-8b51-45b6-8535-40b2687912fe" />
    <UnitTestResult executionId="869dcf86-6e51-44c3-8521-84e1708bb9f2" testId="431ae38d-65cb-bb63-cf2d-072b4cae79b7" testName="WhenDirectoryExists_ShouldReturnTrue" computerName="CODEO-LT-45" duration="00:00:00.0005860" startTime="2022-12-05T16:42:32.6261790+02:00" endTime="2022-12-05T16:42:32.6267644+02:00" testType="13cdc9d9-ddb5-4fa4-a97d-d965ccfc6d4b" outcome="Passed" testListId="8c84fa94-04c1-424b-9868-57a2d4851a1d" relativeResultsDirectory="869dcf86-6e51-44c3-8521-84e1708bb9f2" />
    <UnitTestResult executionId="8ac28123-0724-4539-9ce8-38ad1f1258b3" testId="b2168c14-19ee-7182-6189-af2f044f93cb" testName="WhenFileExists_ShouldReturnTrue" computerName="CODEO-LT-45" duration="00:00:00.0017140" startTime="2022-12-05T16:42:32.6267852+02:00" endTime="2022-12-05T16:42:32.6284991+02:00" testType="13cdc9d9-ddb5-4fa4-a97d-d965ccfc6d4b" outcome="Passed" testListId="8c84fa94-04c1-424b-9868-57a2d4851a1d" relativeResultsDirectory="8ac28123-0724-4539-9ce8-38ad1f1258b3" />
    <UnitTestResult executionId="04d38082-108f-4737-9c26-648d73d34fd5" testId="c190cf01-1e6f-9ab2-6868-57a366339924" testName="PathShouldAlwaysUseForwardSlash" computerName="CODEO-LT-45" duration="00:00:00.0024630" startTime="2022-12-05T16:42:30.8157023+02:00" endTime="2022-12-05T16:42:30.8181646+02:00" testType="13cdc9d9-ddb5-4fa4-a97d-d965ccfc6d4b" outcome="Passed" testListId="8c84fa94-04c1-424b-9868-57a2d4851a1d" relativeResultsDirectory="04d38082-108f-4737-9c26-648d73d34fd5" />
    <UnitTestResult executionId="bbfa9559-5dcc-40b5-9390-ced57a34c573" testId="2828341e-228e-f6b3-346b-ccaa6ab444fb" testName="WhenFileDoesNotExist_AndModeIs_OpenOrCreate_ShouldCreateFile" computerName="CODEO-LT-45" duration="00:00:00.0014630" startTime="2022-12-05T16:42:32.6551936+02:00" endTime="2022-12-05T16:42:32.6566564+02:00" testType="13cdc9d9-ddb5-4fa4-a97d-d965ccfc6d4b" outcome="Passed" testListId="8c84fa94-04c1-424b-9868-57a2d4851a1d" relativeResultsDirectory="bbfa9559-5dcc-40b5-9390-ced57a34c573" />
    <UnitTestResult executionId="d21f0980-4018-45df-9298-a2a3f1b0d622" testId="251a0b50-8415-6310-2604-f79cc5d223bb" testName="ShouldReturnFalseWhenNoMatch" computerName="CODEO-LT-45" duration="00:00:00.0000820" startTime="2022-12-05T16:42:32.6933372+02:00" endTime="2022-12-05T16:42:32.6934191+02:00" testType="13cdc9d9-ddb5-4fa4-a97d-d965ccfc6d4b" outcome="Passed" testListId="8c84fa94-04c1-424b-9868-57a2d4851a1d" relativeResultsDirectory="d21f0980-4018-45df-9298-a2a3f1b0d622" />
    <UnitTestResult executionId="b5f9ed49-72cd-4d07-aa88-624faf0b6f93" testId="0d20d54a-946f-19b4-1a23-73ee72e4ccb8" testName="KeyedResolutions" computerName="CODEO-LT-45" duration="00:00:00.0000020" startTime="2022-12-05T16:42:30.6205558+02:00" endTime="2022-12-05T16:42:30.6205578+02:00" testType="13cdc9d9-ddb5-4fa4-a97d-d965ccfc6d4b" outcome="NotExecuted" testListId="8c84fa94-04c1-424b-9868-57a2d4851a1d" relativeResultsDirectory="b5f9ed49-72cd-4d07-aa88-624faf0b6f93">
      <Output>
        <StdOut>Discovery</StdOut>
        <ErrorInfo>
          <Message>Discovery</Message>
        </ErrorInfo>
      </Output>
    </UnitTestResult>
    <UnitTestResult executionId="c051afa7-749c-4840-bfd8-b8651d9159be" testId="5f1dd45f-3af6-0c1d-aa54-d3cf99524240" testName="WhenItemDoesExist_ShouldReturnIt" computerName="CODEO-LT-45" duration="00:00:00.0231500" startTime="2022-12-05T16:42:31.0838098+02:00" endTime="2022-12-05T16:42:31.1069596+02:00" testType="13cdc9d9-ddb5-4fa4-a97d-d965ccfc6d4b" outcome="Passed" testListId="8c84fa94-04c1-424b-9868-57a2d4851a1d" relativeResultsDirectory="c051afa7-749c-4840-bfd8-b8651d9159be" />
    <UnitTestResult executionId="57dd983f-2042-440e-9109-3c5df31223fc" testId="cf9a0cae-3b28-2e69-a2c3-27c85bbde053" testName="GivenValidWildcard_ShouldReturnAllMatches" computerName="CODEO-LT-45" duration="00:00:00.0294230" startTime="2022-12-05T16:42:31.1236828+02:00" endTime="2022-12-05T16:42:31.1531056+02:00" testType="13cdc9d9-ddb5-4fa4-a97d-d965ccfc6d4b" outcome="Passed" testListId="8c84fa94-04c1-424b-9868-57a2d4851a1d" relativeResultsDirectory="57dd983f-2042-440e-9109-3c5df31223fc" />
    <UnitTestResult executionId="d8cf9e4a-6ad0-4a45-939d-671114b774cd" testId="7a56ef44-407f-764e-f3a1-34d6f1321bee" testName="Exists" computerName="CODEO-LT-45" duration="00:00:00.0015760" startTime="2022-12-05T16:42:32.5880149+02:00" endTime="2022-12-05T16:42:32.5895903+02:00" testType="13cdc9d9-ddb5-4fa4-a97d-d965ccfc6d4b" outcome="Passed" testListId="8c84fa94-04c1-424b-9868-57a2d4851a1d" relativeResultsDirectory="d8cf9e4a-6ad0-4a45-939d-671114b774cd" />
    <UnitTestResult executionId="31a2c859-110f-4349-8217-20b3a525632f" testId="fb33f4b3-84d4-59a0-2d6f-2fa3b3d441cd" testName="ShouldRemoveTargetFilesNotFoundAtSource" computerName="CODEO-LT-45" duration="00:00:00.0113740" startTime="2022-12-05T16:42:32.5764856+02:00" endTime="2022-12-05T16:42:32.5878593+02:00" testType="13cdc9d9-ddb5-4fa4-a97d-d965ccfc6d4b" outcome="Passed" testListId="8c84fa94-04c1-424b-9868-57a2d4851a1d" relativeResultsDirectory="31a2c859-110f-4349-8217-20b3a525632f" />
    <UnitTestResult executionId="1dd3879a-5197-41f6-b244-35c409d769a0" testId="22314d53-9277-44a3-e663-1f802e96c43c" testName="ShouldIncludeSources" computerName="CODEO-LT-45" duration="00:00:00.0113830" startTime="2022-12-05T16:42:32.4464040+02:00" endTime="2022-12-05T16:42:32.4577865+02:00" testType="13cdc9d9-ddb5-4fa4-a97d-d965ccfc6d4b" outcome="Passed" testListId="8c84fa94-04c1-424b-9868-57a2d4851a1d" relativeResultsDirectory="1dd3879a-5197-41f6-b244-35c409d769a0" />
    <UnitTestResult executionId="11dedcd3-bc5a-420d-8f56-f7483fcbf097" testId="577f772a-7eff-e238-9844-1f95848f1b65" testName="ShouldUpsertHistory" computerName="CODEO-LT-45" duration="00:00:00.0038500" startTime="2022-12-05T16:42:33.0780951+02:00" endTime="2022-12-05T16:42:33.0819444+02:00" testType="13cdc9d9-ddb5-4fa4-a97d-d965ccfc6d4b" outcome="Passed" testListId="8c84fa94-04c1-424b-9868-57a2d4851a1d" relativeResultsDirectory="11dedcd3-bc5a-420d-8f56-f7483fcbf097" />
    <UnitTestResult executionId="e7e76746-6f78-4e74-93c7-0ae71fde96dc" testId="4ce31fd2-47a3-af25-056e-8f95a735d3cc" testName="ShouldReturnNoSourceResources" computerName="CODEO-LT-45" duration="00:00:00.0082950" startTime="2022-12-05T16:42:32.4379852+02:00" endTime="2022-12-05T16:42:32.4462795+02:00" testType="13cdc9d9-ddb5-4fa4-a97d-d965ccfc6d4b" outcome="Passed" testListId="8c84fa94-04c1-424b-9868-57a2d4851a1d" relativeResultsDirectory="e7e76746-6f78-4e74-93c7-0ae71fde96dc" />
    <UnitTestResult executionId="3d1eb5bc-d36d-4950-86f3-ced7a9adf98a" testId="5d7e218b-ed4b-7ec1-6ac9-525d7afe79a3" testName="ShouldHaveSingleParameterWithEmptyValues" computerName="CODEO-LT-45" duration="00:00:00.0032720" startTime="2022-12-05T16:42:32.6756444+02:00" endTime="2022-12-05T16:42:32.6789160+02:00" testType="13cdc9d9-ddb5-4fa4-a97d-d965ccfc6d4b" outcome="Passed" testListId="8c84fa94-04c1-424b-9868-57a2d4851a1d" relativeResultsDirectory="3d1eb5bc-d36d-4950-86f3-ced7a9adf98a" />
    <UnitTestResult executionId="41bb2772-d41e-4049-874a-5b672b8dcac9" testId="3e198ad9-dd9a-bfa1-e79a-e84d3be1fc22" testName="ShouldNotResumeIfResumeStrategySaysNo" computerName="CODEO-LT-45" duration="00:00:00.0057780" startTime="2022-12-05T16:42:33.0557334+02:00" endTime="2022-12-05T16:42:33.0615117+02:00" testType="13cdc9d9-ddb5-4fa4-a97d-d965ccfc6d4b" outcome="Passed" testListId="8c84fa94-04c1-424b-9868-57a2d4851a1d" relativeResultsDirectory="41bb2772-d41e-4049-874a-5b672b8dcac9" />
    <UnitTestResult executionId="e5876313-73ef-4dd5-b72a-d823b35be2f5" testId="0f4ba632-5df9-0a69-361a-6e89f2ce2911" testName="WriteMemStreamWithInitialData" computerName="CODEO-LT-45" duration="00:00:00.0000020" startTime="2022-12-05T16:42:30.6207365+02:00" endTime="2022-12-05T16:42:30.6207389+02:00" testType="13cdc9d9-ddb5-4fa4-a97d-d965ccfc6d4b" outcome="NotExecuted" testListId="8c84fa94-04c1-424b-9868-57a2d4851a1d" relativeResultsDirectory="e5876313-73ef-4dd5-b72a-d823b35be2f5">
      <Output>
        <StdOut>Discovery</StdOut>
        <ErrorInfo>
          <Message>Discovery</Message>
        </ErrorInfo>
      </Output>
    </UnitTestResult>
    <UnitTestResult executionId="1412e759-d30d-4e86-b0ff-238944128b85" testId="4a15ef16-3c73-e520-1af2-7b0c24b69de0" testName="ShouldRetryOnError" computerName="CODEO-LT-45" duration="00:00:00.0040260" startTime="2022-12-05T16:42:33.0896136+02:00" endTime="2022-12-05T16:42:33.0936392+02:00" testType="13cdc9d9-ddb5-4fa4-a97d-d965ccfc6d4b" outcome="Passed" testListId="8c84fa94-04c1-424b-9868-57a2d4851a1d" relativeResultsDirectory="1412e759-d30d-4e86-b0ff-238944128b85" />
    <UnitTestResult executionId="52efb27c-7af1-45af-a0e0-2c833afbfd5a" testId="9755712c-59bf-8ccb-d3e2-9a44d12c7d0e" testName="ShouldDeleteIt" computerName="CODEO-LT-45" duration="00:00:00.0040860" startTime="2022-12-05T16:42:32.6211508+02:00" endTime="2022-12-05T16:42:32.6252362+02:00" testType="13cdc9d9-ddb5-4fa4-a97d-d965ccfc6d4b" outcome="Passed" testListId="8c84fa94-04c1-424b-9868-57a2d4851a1d" relativeResultsDirectory="52efb27c-7af1-45af-a0e0-2c833afbfd5a" />
    <UnitTestResult executionId="666986c4-a170-4c2b-8b46-200dd8c77978" testId="1b0df49c-646f-7dd3-bb72-1a0b6e8c8bbf" testName="ShouldNotifyOverallWithIndexEqualToTotal" computerName="CODEO-LT-45" duration="00:00:00.0067540" startTime="2022-12-05T16:42:33.0392556+02:00" endTime="2022-12-05T16:42:33.0460092+02:00" testType="13cdc9d9-ddb5-4fa4-a97d-d965ccfc6d4b" outcome="Passed" testListId="8c84fa94-04c1-424b-9868-57a2d4851a1d" relativeResultsDirectory="666986c4-a170-4c2b-8b46-200dd8c77978" />
    <UnitTestResult executionId="913fa5b7-909a-479f-8fa6-144607d91c53" testId="d2256251-e824-9798-a04e-af7c6cae6528" testName="ListResourcesRecursive" computerName="CODEO-LT-45" duration="00:00:00.0036290" startTime="2022-12-05T16:42:32.5932628+02:00" endTime="2022-12-05T16:42:32.5968917+02:00" testType="13cdc9d9-ddb5-4fa4-a97d-d965ccfc6d4b" outcome="Passed" testListId="8c84fa94-04c1-424b-9868-57a2d4851a1d" relativeResultsDirectory="913fa5b7-909a-479f-8fa6-144607d91c53" />
    <UnitTestResult executionId="b050dca0-216a-4f97-82e6-4db874affa17" testId="529cb022-9f15-cb41-b495-fc10503072e2" testName="ShouldNotReWriteTheFileWhenInHistoryButNotOnDisk" computerName="CODEO-LT-45" duration="00:00:00.0022320" startTime="2022-12-05T16:42:33.0758470+02:00" endTime="2022-12-05T16:42:33.0780786+02:00" testType="13cdc9d9-ddb5-4fa4-a97d-d965ccfc6d4b" outcome="Passed" testListId="8c84fa94-04c1-424b-9868-57a2d4851a1d" relativeResultsDirectory="b050dca0-216a-4f97-82e6-4db874affa17" />
    <UnitTestResult executionId="41953925-b4e8-47ec-8466-b4597533c0fb" testId="60611969-abf2-5aa2-ccc6-ea3fc7ce4230" testName="ShouldRecopyMissingTargetFile" computerName="CODEO-LT-45" duration="00:00:00.0267430" startTime="2022-12-05T16:42:32.9749228+02:00" endTime="2022-12-05T16:42:33.0016655+02:00" testType="13cdc9d9-ddb5-4fa4-a97d-d965ccfc6d4b" outcome="Passed" testListId="8c84fa94-04c1-424b-9868-57a2d4851a1d" relativeResultsDirectory="41953925-b4e8-47ec-8466-b4597533c0fb">
      <Output>
        <StdOut>Listing resources under C:\Temp\6c3f79d7-068c-419c-9ae4-bb8be69fe722\source [ OK ]&#xD;
&#xD;
Listing resources under C:\Temp\6c3f79d7-068c-419c-9ae4-bb8be69fe722\target [ OK ]&#xD;
&#xD;
Comparing source and target [ OK ]&#xD;
Start sync: C:\Temp\6c3f79d7-068c-419c-9ae4-bb8be69fe722\source =&gt; C:\Temp\6c3f79d7-068c-419c-9ae4-bb8be69fe722\target&#xD;
Overall transfer: 1 file, 262.1K&#xD;
&#xD;
&#xD;
&#xD;
3z7gscb6d9jl        &#xD;
                     &#xD;
&#xD;
3z7gscb6d9jl  [ OK ]&#xD;
Start sync: C:\Temp\6c3f79d7-068c-419c-9ae4-bb8be69fe722\source =&gt; C:\Temp\6c3f79d7-068c-419c-9ae4-bb8be69fe722\target&#xD;
Transferred 1 file, 262.1K, 0:00, avg 48.9M/s&#xD;
&#xD;
Listing resources under C:\Temp\6c3f79d7-068c-419c-9ae4-bb8be69fe722\source [ OK ]&#xD;
&#xD;
Listing resources under C:\Temp\6c3f79d7-068c-419c-9ae4-bb8be69fe722\target [ OK ]&#xD;
&#xD;
Comparing source and target [ OK ]&#xD;
Start sync: C:\Temp\6c3f79d7-068c-419c-9ae4-bb8be69fe722\source =&gt; C:\Temp\6c3f79d7-068c-419c-9ae4-bb8be69fe722\target&#xD;
Overall transfer: 1 file, 262.1K&#xD;
&#xD;
&#xD;
&#xD;
3z7gscb6d9jl        &#xD;
                     &#xD;
&#xD;
3z7gscb6d9jl  [ OK ]&#xD;
Start sync: C:\Temp\6c3f79d7-068c-419c-9ae4-bb8be69fe722\source =&gt; C:\Temp\6c3f79d7-068c-419c-9ae4-bb8be69fe722\target&#xD;
Transferred 1 file, 262.1K, 0:00, avg 177.5M/s</StdOut>
      </Output>
    </UnitTestResult>
    <UnitTestResult executionId="3c722f6a-b4a5-45e2-be99-7e32cc156470" testId="23c9824e-9cbc-71a7-1f17-aa3d7ca220fd" testName="BasePath" computerName="CODEO-LT-45" duration="00:00:00.0014690" startTime="2022-12-05T16:42:32.5969818+02:00" endTime="2022-12-05T16:42:32.5984505+02:00" testType="13cdc9d9-ddb5-4fa4-a97d-d965ccfc6d4b" outcome="Passed" testListId="8c84fa94-04c1-424b-9868-57a2d4851a1d" relativeResultsDirectory="3c722f6a-b4a5-45e2-be99-7e32cc156470" />
    <UnitTestResult executionId="0b50b703-7860-40a6-b0cd-9299c29d68f4" testId="4b4f677a-bf86-5b46-b9d7-7d0c86560b58" testName="Ctor_WhenBasePathDoesNotExist_ShouldAttemptToCreateIt" computerName="CODEO-LT-45" duration="00:00:00.0012190" startTime="2022-12-05T16:42:32.6196914+02:00" endTime="2022-12-05T16:42:32.6209099+02:00" testType="13cdc9d9-ddb5-4fa4-a97d-d965ccfc6d4b" outcome="Passed" testListId="8c84fa94-04c1-424b-9868-57a2d4851a1d" relativeResultsDirectory="0b50b703-7860-40a6-b0cd-9299c29d68f4" />
    <UnitTestResult executionId="04a80bfb-30db-4c85-bdba-4020bb125f64" testId="7d01fddd-4428-9d6d-7a55-d73445d1b7d7" testName="ShouldProvideLocalFileSystemForFileProtocol" computerName="CODEO-LT-45" duration="00:00:00.0031910" startTime="2022-12-05T16:42:32.6128482+02:00" endTime="2022-12-05T16:42:32.6160385+02:00" testType="13cdc9d9-ddb5-4fa4-a97d-d965ccfc6d4b" outcome="Passed" testListId="8c84fa94-04c1-424b-9868-57a2d4851a1d" relativeResultsDirectory="04a80bfb-30db-4c85-bdba-4020bb125f64" />
    <UnitTestResult executionId="f5e083d8-799c-435a-8dfa-eeea65b3da46" testId="649dce54-c09d-dba1-037d-779b98ecf08b" testName="ShouldReturnEmptyCollectionForEmptyBase" computerName="CODEO-LT-45" duration="00:00:00.0011550" startTime="2022-12-05T16:42:32.6417456+02:00" endTime="2022-12-05T16:42:32.6429008+02:00" testType="13cdc9d9-ddb5-4fa4-a97d-d965ccfc6d4b" outcome="Passed" testListId="8c84fa94-04c1-424b-9868-57a2d4851a1d" relativeResultsDirectory="f5e083d8-799c-435a-8dfa-eeea65b3da46" />
    <UnitTestResult executionId="b170a3bd-992e-4cae-9d7a-471e670f25b1" testId="b1f9c44a-9f81-b9da-10a9-ad70c8b76ab8" testName="WhenTargetDatabaseMissing_ShouldCreateIt" computerName="CODEO-LT-45" duration="00:00:00.0204950" startTime="2022-12-05T16:42:31.0211522+02:00" endTime="2022-12-05T16:42:31.0416466+02:00" testType="13cdc9d9-ddb5-4fa4-a97d-d965ccfc6d4b" outcome="Passed" testListId="8c84fa94-04c1-424b-9868-57a2d4851a1d" relativeResultsDirectory="b170a3bd-992e-4cae-9d7a-471e670f25b1" />
    <UnitTestResult executionId="012bed3d-4dae-46f7-8fb6-d6f02634b5d5" testId="bb2b4506-99db-1a0b-7867-6d3160899a7a" testName="ShouldUpsertHistory" computerName="CODEO-LT-45" duration="00:00:00.0032260" startTime="2022-12-05T16:42:33.0862516+02:00" endTime="2022-12-05T16:42:33.0894772+02:00" testType="13cdc9d9-ddb5-4fa4-a97d-d965ccfc6d4b" outcome="Passed" testListId="8c84fa94-04c1-424b-9868-57a2d4851a1d" relativeResultsDirectory="012bed3d-4dae-46f7-8fb6-d6f02634b5d5" />
    <UnitTestResult executionId="c529a382-c1cf-4860-a263-7f50535fd341" testId="654627c3-4959-8f2f-52e1-90606ca2258f" testName="ShouldNotRecordAnyHistory" computerName="CODEO-LT-45" duration="00:00:00.0008380" startTime="2022-12-05T16:42:33.0548043+02:00" endTime="2022-12-05T16:42:33.0556426+02:00" testType="13cdc9d9-ddb5-4fa4-a97d-d965ccfc6d4b" outcome="Passed" testListId="8c84fa94-04c1-424b-9868-57a2d4851a1d" relativeResultsDirectory="c529a382-c1cf-4860-a263-7f50535fd341" />
    <UnitTestResult executionId="7b62830a-f0ee-4cd2-9a34-88778132b1a3" testId="0470aa83-d322-7059-ec3b-af32ee9ba303" testName="ShouldEnforceRequiredParameters" computerName="CODEO-LT-45" duration="00:00:00.0006930" startTime="2022-12-05T16:42:32.6790292+02:00" endTime="2022-12-05T16:42:32.6797222+02:00" testType="13cdc9d9-ddb5-4fa4-a97d-d965ccfc6d4b" outcome="Passed" testListId="8c84fa94-04c1-424b-9868-57a2d4851a1d" relativeResultsDirectory="7b62830a-f0ee-4cd2-9a34-88778132b1a3" />
    <UnitTestResult executionId="c5745e66-733c-426d-b7fe-802735cf8a4a" testId="f4d33649-8190-7088-934c-98e220293272" testName="WhenDirectoryExists_RelativeToCtorPath_ShouldReturnTrue" computerName="CODEO-LT-45" duration="00:00:00.0016070" startTime="2022-12-05T16:42:32.6303663+02:00" endTime="2022-12-05T16:42:32.6319731+02:00" testType="13cdc9d9-ddb5-4fa4-a97d-d965ccfc6d4b" outcome="Passed" testListId="8c84fa94-04c1-424b-9868-57a2d4851a1d" relativeResultsDirectory="c5745e66-733c-426d-b7fe-802735cf8a4a" />
    <UnitTestResult executionId="3ed9c08e-b1e5-4639-a349-74b50e2e84e2" testId="7f9d7812-adc7-9f9a-f65c-c82532c819d6" testName="ShouldNotYetKnowHowToProvideFtpFileSystem" computerName="CODEO-LT-45" duration="00:00:00.0006800" startTime="2022-12-05T16:42:32.6121499+02:00" endTime="2022-12-05T16:42:32.6128294+02:00" testType="13cdc9d9-ddb5-4fa4-a97d-d965ccfc6d4b" outcome="Passed" testListId="8c84fa94-04c1-424b-9868-57a2d4851a1d" relativeResultsDirectory="3ed9c08e-b1e5-4639-a349-74b50e2e84e2" />
    <UnitTestResult executionId="7ed84ef9-c944-4947-b85b-0eecbce69fbc" testId="569d61ea-b09f-1b13-8b94-ef0d6c52affd" testName="ShouldHaveProperty_(&quot;Modified&quot;,System.Nullable`1[System.DateTime])" computerName="CODEO-LT-45" duration="00:00:00.0000050" startTime="2022-12-05T16:42:30.8204397+02:00" endTime="2022-12-05T16:42:30.8204448+02:00" testType="13cdc9d9-ddb5-4fa4-a97d-d965ccfc6d4b" outcome="Passed" testListId="8c84fa94-04c1-424b-9868-57a2d4851a1d" relativeResultsDirectory="7ed84ef9-c944-4947-b85b-0eecbce69fbc" />
    <UnitTestResult executionId="fa947fea-9330-4cb8-b8ae-76fa3aafc4de" testId="23970955-eb95-5e4e-ebc2-526710ef8e11" testName="FirstLevelResultsShouldHaveCorrectRelativePath" computerName="CODEO-LT-45" duration="00:00:00.0014499" startTime="2022-12-05T16:42:32.6338590+02:00" endTime="2022-12-05T16:42:32.6353089+02:00" testType="13cdc9d9-ddb5-4fa4-a97d-d965ccfc6d4b" outcome="Passed" testListId="8c84fa94-04c1-424b-9868-57a2d4851a1d" relativeResultsDirectory="fa947fea-9330-4cb8-b8ae-76fa3aafc4de" />
    <UnitTestResult executionId="b04d7112-37a0-47f6-9621-d472329f1121" testId="461fcb1b-5947-9cfe-8f18-bd5d18cf2704" testName="ShouldHaveSingleFlagWithDefault(True)" computerName="CODEO-LT-45" duration="00:00:00.0143160" startTime="2022-12-05T16:42:32.6592720+02:00" endTime="2022-12-05T16:42:32.6735880+02:00" testType="13cdc9d9-ddb5-4fa4-a97d-d965ccfc6d4b" outcome="Passed" testListId="8c84fa94-04c1-424b-9868-57a2d4851a1d" relativeResultsDirectory="b04d7112-37a0-47f6-9621-d472329f1121" />
    <UnitTestResult executionId="ac5ba60c-4c1d-4fd2-989a-367e67c9fc2f" testId="d4c893c9-5d1d-7145-584a-077a9ecf0ed0" testName="ShouldHaveSingleFlagWithDefault(False)" computerName="CODEO-LT-45" duration="00:00:00.0011270" startTime="2022-12-05T16:42:32.6736174+02:00" endTime="2022-12-05T16:42:32.6747443+02:00" testType="13cdc9d9-ddb5-4fa4-a97d-d965ccfc6d4b" outcome="Passed" testListId="8c84fa94-04c1-424b-9868-57a2d4851a1d" relativeResultsDirectory="ac5ba60c-4c1d-4fd2-989a-367e67c9fc2f" />
    <UnitTestResult executionId="c6fb9cbb-215e-47ab-86a7-062ab8a91a60" testId="19350600-9912-c607-1641-7ec45b829c6a" testName="ShouldInclude" computerName="CODEO-LT-45" duration="00:00:00.0029619" startTime="2022-12-05T16:42:30.8079619+02:00" endTime="2022-12-05T16:42:30.8109234+02:00" testType="13cdc9d9-ddb5-4fa4-a97d-d965ccfc6d4b" outcome="Passed" testListId="8c84fa94-04c1-424b-9868-57a2d4851a1d" relativeResultsDirectory="c6fb9cbb-215e-47ab-86a7-062ab8a91a60" />
    <UnitTestResult executionId="e664bd95-290d-4005-a133-9d4a78267fba" testId="8885bb3d-e814-fe39-8890-77f9e5d72980" testName="ResolveMany" computerName="CODEO-LT-45" duration="00:00:00.0012270" startTime="2022-12-05T16:42:30.6165190+02:00" endTime="2022-12-05T16:42:30.6177063+02:00" testType="13cdc9d9-ddb5-4fa4-a97d-d965ccfc6d4b" outcome="NotExecuted" testListId="8c84fa94-04c1-424b-9868-57a2d4851a1d" relativeResultsDirectory="e664bd95-290d-4005-a133-9d4a78267fba">
      <Output>
        <StdOut>Discovery</StdOut>
        <ErrorInfo>
          <Message>Discovery</Message>
        </ErrorInfo>
      </Output>
    </UnitTestResult>
    <UnitTestResult executionId="9380972c-e7dc-45ed-958d-4087e0478283" testId="33ae588d-ea1a-2c78-a8ba-f247e1f5ae06" testName="WhenFileDoesNotExist_RelativeToCtorPath_ShouldReturnFalse" computerName="CODEO-LT-45" duration="00:00:00.0005390" startTime="2022-12-05T16:42:32.6321090+02:00" endTime="2022-12-05T16:42:32.6326478+02:00" testType="13cdc9d9-ddb5-4fa4-a97d-d965ccfc6d4b" outcome="Passed" testListId="8c84fa94-04c1-424b-9868-57a2d4851a1d" relativeResultsDirectory="9380972c-e7dc-45ed-958d-4087e0478283" />
    <UnitTestResult executionId="ef80d133-830e-4faa-b87f-c3f4d34f2d0a" testId="cfa7981a-b050-4927-dd68-ef61421b1331" testName="ShouldConvertPercent(0,0,&quot;     &quot;)" computerName="CODEO-LT-45" duration="00:00:00.0015200" startTime="2022-12-05T16:42:32.6936095+02:00" endTime="2022-12-05T16:42:32.6951295+02:00" testType="13cdc9d9-ddb5-4fa4-a97d-d965ccfc6d4b" outcome="Passed" testListId="8c84fa94-04c1-424b-9868-57a2d4851a1d" relativeResultsDirectory="ef80d133-830e-4faa-b87f-c3f4d34f2d0a" />
    <UnitTestResult executionId="d72d7b04-063d-453b-998d-bb3b9e6ab091" testId="730e88ef-c11c-0b3e-62dc-1c7e9f6d30b6" testName="IsFile" computerName="CODEO-LT-45" duration="00:00:00.0006460" startTime="2022-12-05T16:42:32.5926026+02:00" endTime="2022-12-05T16:42:32.5932481+02:00" testType="13cdc9d9-ddb5-4fa4-a97d-d965ccfc6d4b" outcome="Passed" testListId="8c84fa94-04c1-424b-9868-57a2d4851a1d" relativeResultsDirectory="d72d7b04-063d-453b-998d-bb3b9e6ab091" />
    <UnitTestResult executionId="d669103b-9965-491b-bc60-c7dd1d776e91" testId="b0551ce6-139c-7e36-8845-266360c875c3" testName="ShouldBeEmptyWhenNoImplementationsFound" computerName="CODEO-LT-45" duration="00:00:00.0000010" startTime="2022-12-05T16:42:30.6205602+02:00" endTime="2022-12-05T16:42:30.6205611+02:00" testType="13cdc9d9-ddb5-4fa4-a97d-d965ccfc6d4b" outcome="NotExecuted" testListId="8c84fa94-04c1-424b-9868-57a2d4851a1d" relativeResultsDirectory="d669103b-9965-491b-bc60-c7dd1d776e91">
      <Output>
        <StdOut>Discovery</StdOut>
        <ErrorInfo>
          <Message>Discovery</Message>
        </ErrorInfo>
      </Output>
    </UnitTestResult>
    <UnitTestResult executionId="120c1bb1-974a-459e-84cd-78754aba2835" testId="861f82ac-2a1e-9e00-1f4b-8e78e362fe2b" testName="WhenDirectoryDoesNotExist_RelativeToCtorPath_ShouldReturnFalse" computerName="CODEO-LT-45" duration="00:00:00.0009890" startTime="2022-12-05T16:42:32.6293195+02:00" endTime="2022-12-05T16:42:32.6303061+02:00" testType="13cdc9d9-ddb5-4fa4-a97d-d965ccfc6d4b" outcome="Passed" testListId="8c84fa94-04c1-424b-9868-57a2d4851a1d" relativeResultsDirectory="120c1bb1-974a-459e-84cd-78754aba2835" />
    <UnitTestResult executionId="0e3c686d-1332-4c90-959d-ba59b1ff1bc4" testId="781a18a4-a802-291f-fde0-7cd9fcdc3620" testName="ShouldUpdateSizeAndSetLastModifiedOnRepeatedPath" computerName="CODEO-LT-45" duration="00:00:01.2434450" startTime="2022-12-05T16:42:31.1943877+02:00" endTime="2022-12-05T16:42:32.4378355+02:00" testType="13cdc9d9-ddb5-4fa4-a97d-d965ccfc6d4b" outcome="Passed" testListId="8c84fa94-04c1-424b-9868-57a2d4851a1d" relativeResultsDirectory="0e3c686d-1332-4c90-959d-ba59b1ff1bc4">
      <Output>
        <StdOut>{&#xD;
  initialDb: {&#xD;
    Id: 1&#xD;
    Path: "hi43bd8kqb"&#xD;
    Size: 3&#xD;
    Created: 12/05/2022 14:42:31 (Utc)&#xD;
    Modified: 12/05/2022 14:42:31 (Utc)&#xD;
  }&#xD;
  afterUpsert: {&#xD;
    Id: 1&#xD;
    Path: "hi43bd8kqb"&#xD;
    Size: 2&#xD;
    Created: 12/05/2022 14:42:31 (Utc)&#xD;
    Modified: 12/05/2022 14:42:32 (Utc)&#xD;
  }&#xD;
  afterInitialInsert: 12/05/2022 14:42:32 (Utc)&#xD;
}</StdOut>
      </Output>
    </UnitTestResult>
    <UnitTestResult executionId="ee3fb1a5-2009-4ee4-82fa-49c41cd635ef" testId="330c0246-7935-3404-24d2-0dae1a223b36" testName="ShouldCopyTheSourceFileToTarget" computerName="CODEO-LT-45" duration="00:00:00.0041139" startTime="2022-12-05T16:42:33.0821189+02:00" endTime="2022-12-05T16:42:33.0862332+02:00" testType="13cdc9d9-ddb5-4fa4-a97d-d965ccfc6d4b" outcome="Passed" testListId="8c84fa94-04c1-424b-9868-57a2d4851a1d" relativeResultsDirectory="ee3fb1a5-2009-4ee4-82fa-49c41cd635ef" />
    <UnitTestResult executionId="42007ac6-a262-4e14-8b52-a32c10c8b12e" testId="3a5f31fe-ad4c-aa3e-88c0-9131fd10711f" testName="FetchSize" computerName="CODEO-LT-45" duration="00:00:00.0023710" startTime="2022-12-05T16:42:32.5896135+02:00" endTime="2022-12-05T16:42:32.5919842+02:00" testType="13cdc9d9-ddb5-4fa4-a97d-d965ccfc6d4b" outcome="Passed" testListId="8c84fa94-04c1-424b-9868-57a2d4851a1d" relativeResultsDirectory="42007ac6-a262-4e14-8b52-a32c10c8b12e" />
    <UnitTestResult executionId="b73ba844-67d7-4124-ab70-4655aab666e9" testId="8674af1a-892b-f91e-7433-de02392803b0" testName="MovingForwardThroughCollection" computerName="CODEO-LT-45" duration="00:00:00.0005350" startTime="2022-12-05T16:42:32.6967323+02:00" endTime="2022-12-05T16:42:32.6972667+02:00" testType="13cdc9d9-ddb5-4fa4-a97d-d965ccfc6d4b" outcome="Passed" testListId="8c84fa94-04c1-424b-9868-57a2d4851a1d" relativeResultsDirectory="b73ba844-67d7-4124-ab70-4655aab666e9" />
    <UnitTestResult executionId="108b1f47-a1cf-48ef-a2ee-cec037247a96" testId="0d805638-4336-4277-19c3-cb3838da7d87" testName="ShouldNotifyProgressReporterOfTotalAndIndexZero" computerName="CODEO-LT-45" duration="00:00:00.0011390" startTime="2022-12-05T16:42:33.0461320+02:00" endTime="2022-12-05T16:42:33.0472708+02:00" testType="13cdc9d9-ddb5-4fa4-a97d-d965ccfc6d4b" outcome="Passed" testListId="8c84fa94-04c1-424b-9868-57a2d4851a1d" relativeResultsDirectory="108b1f47-a1cf-48ef-a2ee-cec037247a96" />
    <UnitTestResult executionId="e4aab945-6e8e-4f95-9bc8-525d7cbb5212" testId="8f0704eb-f5f7-8b7a-c5d4-8c0a6143e523" testName="ShouldHaveProperty_(&quot;Path&quot;,System.String)" computerName="CODEO-LT-45" duration="00:00:00.0002350" startTime="2022-12-05T16:42:30.8201713+02:00" endTime="2022-12-05T16:42:30.8204061+02:00" testType="13cdc9d9-ddb5-4fa4-a97d-d965ccfc6d4b" outcome="Passed" testListId="8c84fa94-04c1-424b-9868-57a2d4851a1d" relativeResultsDirectory="e4aab945-6e8e-4f95-9bc8-525d7cbb5212" />
    <UnitTestResult executionId="6f9b2237-fcf9-40af-b870-ce91b6e66451" testId="b6fdc567-acff-975a-c305-d68a8b4434ed" testName="Delete" computerName="CODEO-LT-45" duration="00:00:00.0036620" startTime="2022-12-05T16:42:32.5984688+02:00" endTime="2022-12-05T16:42:32.6021309+02:00" testType="13cdc9d9-ddb5-4fa4-a97d-d965ccfc6d4b" outcome="Passed" testListId="8c84fa94-04c1-424b-9868-57a2d4851a1d" relativeResultsDirectory="6f9b2237-fcf9-40af-b870-ce91b6e66451" />
    <UnitTestResult executionId="1ad53576-b023-41b8-b24e-9f0c69fcae00" testId="172dcbd2-83e0-d1f8-d3f7-83b797467677" testName="ShouldDoNothing" computerName="CODEO-LT-45" duration="00:00:00.0015870" startTime="2022-12-05T16:42:32.6990467+02:00" endTime="2022-12-05T16:42:32.7006335+02:00" testType="13cdc9d9-ddb5-4fa4-a97d-d965ccfc6d4b" outcome="Passed" testListId="8c84fa94-04c1-424b-9868-57a2d4851a1d" relativeResultsDirectory="1ad53576-b023-41b8-b24e-9f0c69fcae00" />
    <UnitTestResult executionId="73a75a65-e025-4246-b4ed-19f2d9d2ee4e" testId="6e66e724-d524-3e58-45fe-24c4b735442c" testName="ShouldEjectFirstMatch" computerName="CODEO-LT-45" duration="00:00:00.0001520" startTime="2022-12-05T16:42:32.6925549+02:00" endTime="2022-12-05T16:42:32.6927064+02:00" testType="13cdc9d9-ddb5-4fa4-a97d-d965ccfc6d4b" outcome="Passed" testListId="8c84fa94-04c1-424b-9868-57a2d4851a1d" relativeResultsDirectory="73a75a65-e025-4246-b4ed-19f2d9d2ee4e" />
    <UnitTestResult executionId="d519a711-f4af-4bc6-95f0-a1dacca96a40" testId="29470528-a06e-bbb7-a56d-70883f3fa310" testName="ShouldMapMultiValueParametersToList" computerName="CODEO-LT-45" duration="00:00:00.0003570" startTime="2022-12-05T16:42:32.6890469+02:00" endTime="2022-12-05T16:42:32.6894035+02:00" testType="13cdc9d9-ddb5-4fa4-a97d-d965ccfc6d4b" outcome="Passed" testListId="8c84fa94-04c1-424b-9868-57a2d4851a1d" relativeResultsDirectory="d519a711-f4af-4bc6-95f0-a1dacca96a40" />
    <UnitTestResult executionId="ccd79d9d-388a-43c4-af77-07fecab832e6" testId="72824386-63e3-0cd2-f8a6-cb6c9c708c40" testName="ShouldSyncOneFileInRoot" computerName="CODEO-LT-45" duration="00:00:00.0548290" startTime="2022-12-05T16:42:32.8344686+02:00" endTime="2022-12-05T16:42:32.8892969+02:00" testType="13cdc9d9-ddb5-4fa4-a97d-d965ccfc6d4b" outcome="Passed" testListId="8c84fa94-04c1-424b-9868-57a2d4851a1d" relativeResultsDirectory="ccd79d9d-388a-43c4-af77-07fecab832e6">
      <Output>
        <StdOut>Listing resources under C:\Temp\77237d09-1230-4c75-843c-c2a6a25ec5cc\source [ OK ]&#xD;
&#xD;
Listing resources under C:\Temp\77237d09-1230-4c75-843c-c2a6a25ec5cc\target [ OK ]&#xD;
&#xD;
Comparing source and target [ OK ]&#xD;
Start sync: C:\Temp\77237d09-1230-4c75-843c-c2a6a25ec5cc\source =&gt; C:\Temp\77237d09-1230-4c75-843c-c2a6a25ec5cc\target&#xD;
Overall transfer: 1 file, 511.1K&#xD;
&#xD;
&#xD;
&#xD;
lnbwao7        &#xD;
                &#xD;
&#xD;
lnbwao7  [ OK ]&#xD;
Start sync: C:\Temp\77237d09-1230-4c75-843c-c2a6a25ec5cc\source =&gt; C:\Temp\77237d09-1230-4c75-843c-c2a6a25ec5cc\target&#xD;
Transferred 1 file, 511.1K, 0:00, avg 98.0M/s</StdOut>
      </Output>
    </UnitTestResult>
    <UnitTestResult executionId="9cf9fde7-3b9b-498a-9b0d-3af9af174619" testId="6efde1de-75b0-4893-7864-143637bb6f21" testName="ShouldResumeWhenResumeStrategySaysYes" computerName="CODEO-LT-45" duration="00:00:00.0038980" startTime="2022-12-05T16:42:33.0661661+02:00" endTime="2022-12-05T16:42:33.0700642+02:00" testType="13cdc9d9-ddb5-4fa4-a97d-d965ccfc6d4b" outcome="Passed" testListId="8c84fa94-04c1-424b-9868-57a2d4851a1d" relativeResultsDirectory="9cf9fde7-3b9b-498a-9b0d-3af9af174619" />
    <UnitTestResult executionId="eb35333b-fc0a-45ae-a3ca-d2bd8bdc8988" testId="6f4bbc19-7977-8610-c5c0-8b50a12f1532" testName="WhenPathIsKnown_ShouldReturnFalse" computerName="CODEO-LT-45" duration="00:00:00.0266700" startTime="2022-12-05T16:42:31.0417996+02:00" endTime="2022-12-05T16:42:31.0684692+02:00" testType="13cdc9d9-ddb5-4fa4-a97d-d965ccfc6d4b" outcome="Passed" testListId="8c84fa94-04c1-424b-9868-57a2d4851a1d" relativeResultsDirectory="eb35333b-fc0a-45ae-a3ca-d2bd8bdc8988" />
    <UnitTestResult executionId="8853879a-dc52-4e7d-ad08-40207c0b9917" testId="405296d1-d92a-d814-94f1-b84231bc3d78" testName="ShouldReturnTrueWhenHaveMatchForOneSwitch" computerName="CODEO-LT-45" duration="00:00:00.0000500" startTime="2022-12-05T16:42:32.6934945+02:00" endTime="2022-12-05T16:42:32.6935442+02:00" testType="13cdc9d9-ddb5-4fa4-a97d-d965ccfc6d4b" outcome="Passed" testListId="8c84fa94-04c1-424b-9868-57a2d4851a1d" relativeResultsDirectory="8853879a-dc52-4e7d-ad08-40207c0b9917" />
    <UnitTestResult executionId="9d711054-04df-42fc-9d03-2c33f81c5db4" testId="26bf5f37-8638-a03f-253c-8796bd74facf" testName="ShouldHaveProperty_(&quot;Created&quot;,System.DateTime)" computerName="CODEO-LT-45" duration="00:00:00.0000060" startTime="2022-12-05T16:42:30.8204318+02:00" endTime="2022-12-05T16:42:30.8204375+02:00" testType="13cdc9d9-ddb5-4fa4-a97d-d965ccfc6d4b" outcome="Passed" testListId="8c84fa94-04c1-424b-9868-57a2d4851a1d" relativeResultsDirectory="9d711054-04df-42fc-9d03-2c33f81c5db4" />
    <UnitTestResult executionId="f4ed02b3-02d1-4ca5-a5e4-08160fa90608" testId="b2147454-4902-4d1f-d1ce-954c82708d46" testName="ShouldProvideLocalFileSystemForLocalPath" computerName="CODEO-LT-45" duration="00:00:00.0007010" startTime="2022-12-05T16:42:32.6187963+02:00" endTime="2022-12-05T16:42:32.6194976+02:00" testType="13cdc9d9-ddb5-4fa4-a97d-d965ccfc6d4b" outcome="Passed" testListId="8c84fa94-04c1-424b-9868-57a2d4851a1d" relativeResultsDirectory="f4ed02b3-02d1-4ca5-a5e4-08160fa90608" />
    <UnitTestResult executionId="1310b9f1-a19b-454c-b015-e32559f02e1a" testId="a30c5edd-fd78-0d88-1e39-91dc0e6a037c" testName="ShouldListResourcesUnderFolders" computerName="CODEO-LT-45" duration="00:00:00.0033120" startTime="2022-12-05T16:42:32.6384178+02:00" endTime="2022-12-05T16:42:32.6417296+02:00" testType="13cdc9d9-ddb5-4fa4-a97d-d965ccfc6d4b" outcome="Passed" testListId="8c84fa94-04c1-424b-9868-57a2d4851a1d" relativeResultsDirectory="1310b9f1-a19b-454c-b015-e32559f02e1a" />
    <UnitTestResult executionId="d3255a5f-d56a-47e8-bd3a-2108ec1a2306" testId="5ce7de8f-0e2e-716c-c876-d56e48a3e65b" testName="ShouldHaveProperty_(&quot;Id&quot;,System.Int32)" computerName="CODEO-LT-45" duration="00:00:00.0019660" startTime="2022-12-05T16:42:30.8181920+02:00" endTime="2022-12-05T16:42:30.8201579+02:00" testType="13cdc9d9-ddb5-4fa4-a97d-d965ccfc6d4b" outcome="Passed" testListId="8c84fa94-04c1-424b-9868-57a2d4851a1d" relativeResultsDirectory="d3255a5f-d56a-47e8-bd3a-2108ec1a2306" />
    <UnitTestResult executionId="5e3bffe3-c9d9-48a4-b887-fafe86c90e9c" testId="495cd582-a0cd-cf11-39cc-548e6822f583" testName="ShouldConvertPercent(8,0,&quot;⠁    &quot;)" computerName="CODEO-LT-45" duration="00:00:00.0001370" startTime="2022-12-05T16:42:32.6951466+02:00" endTime="2022-12-05T16:42:32.6952832+02:00" testType="13cdc9d9-ddb5-4fa4-a97d-d965ccfc6d4b" outcome="Passed" testListId="8c84fa94-04c1-424b-9868-57a2d4851a1d" relativeResultsDirectory="5e3bffe3-c9d9-48a4-b887-fafe86c90e9c" />
    <UnitTestResult executionId="32870a2e-3e34-44cc-8528-6874510f3706" testId="2d2961b7-c296-3be3-d14a-adf7e010c574" testName="SimplePipeline" computerName="CODEO-LT-45" duration="00:00:00.0079840" startTime="2022-12-05T16:42:32.4616939+02:00" endTime="2022-12-05T16:42:32.4696774+02:00" testType="13cdc9d9-ddb5-4fa4-a97d-d965ccfc6d4b" outcome="Passed" testListId="8c84fa94-04c1-424b-9868-57a2d4851a1d" relativeResultsDirectory="32870a2e-3e34-44cc-8528-6874510f3706" />
    <UnitTestResult executionId="389af55a-575d-4090-b9a0-29d0d0619bae" testId="c3ef5243-a032-3c57-624e-7eaf3151f336" testName="ShouldRemoveTheSingleSwitch" computerName="CODEO-LT-45" duration="00:00:00.0001070" startTime="2022-12-05T16:42:32.6932249+02:00" endTime="2022-12-05T16:42:32.6933316+02:00" testType="13cdc9d9-ddb5-4fa4-a97d-d965ccfc6d4b" outcome="Passed" testListId="8c84fa94-04c1-424b-9868-57a2d4851a1d" relativeResultsDirectory="389af55a-575d-4090-b9a0-29d0d0619bae" />
    <UnitTestResult executionId="fbe95000-9997-4ded-9f62-b16c5b51b53d" testId="db5e3d0a-b2af-6f33-5b36-78fbd05aee39" testName="WhenItemDoesNotExist_ShouldReturnNull" computerName="CODEO-LT-45" duration="00:00:00.0165100" startTime="2022-12-05T16:42:31.1069858+02:00" endTime="2022-12-05T16:42:31.1234957+02:00" testType="13cdc9d9-ddb5-4fa4-a97d-d965ccfc6d4b" outcome="Passed" testListId="8c84fa94-04c1-424b-9868-57a2d4851a1d" relativeResultsDirectory="fbe95000-9997-4ded-9f62-b16c5b51b53d" />
    <UnitTestResult executionId="0d0b5bf2-eb26-4f62-85dd-ec3b968cb4ee" testId="e7f4d793-eba4-4fb7-11ea-b0629037a9ca" testName="ShouldRemoveFromCachedList" computerName="CODEO-LT-45" duration="00:00:00.0006759" startTime="2022-12-05T16:42:32.6113685+02:00" endTime="2022-12-05T16:42:32.6120442+02:00" testType="13cdc9d9-ddb5-4fa4-a97d-d965ccfc6d4b" outcome="Passed" testListId="8c84fa94-04c1-424b-9868-57a2d4851a1d" relativeResultsDirectory="0d0b5bf2-eb26-4f62-85dd-ec3b968cb4ee" />
    <UnitTestResult executionId="353bea01-feb8-4859-988b-07fec41b6a20" testId="b531c0e1-37cc-2e84-5565-760c98d72cbc" testName="ShouldIgnoreEmptyFoldersUnderBase" computerName="CODEO-LT-45" duration="00:00:00.0015500" startTime="2022-12-05T16:42:32.6368513+02:00" endTime="2022-12-05T16:42:32.6384012+02:00" testType="13cdc9d9-ddb5-4fa4-a97d-d965ccfc6d4b" outcome="Passed" testListId="8c84fa94-04c1-424b-9868-57a2d4851a1d" relativeResultsDirectory="353bea01-feb8-4859-988b-07fec41b6a20" />
    <UnitTestResult executionId="c5ef7de4-8f4d-4fd6-8742-451dab7387cd" testId="bc2b435c-9d4a-86fa-ff82-cbd78c1c89d2" testName="ThreeLevelPipeline" computerName="CODEO-LT-45" duration="00:00:00.0021490" startTime="2022-12-05T16:42:32.4696940+02:00" endTime="2022-12-05T16:42:32.4718426+02:00" testType="13cdc9d9-ddb5-4fa4-a97d-d965ccfc6d4b" outcome="Passed" testListId="8c84fa94-04c1-424b-9868-57a2d4851a1d" relativeResultsDirectory="c5ef7de4-8f4d-4fd6-8742-451dab7387cd" />
  </Results>
  <TestDefinitions>
    <UnitTest name="WhenDirectoryExists_RelativeToCtorPath_ShouldReturnTrue" storage="c:\code\opensource\bitsplat\src\bitsplat.tests\bin\debug\net7.0\bitsplat.tests.dll" id="f4d33649-8190-7088-934c-98e220293272">
      <Execution id="c5745e66-733c-426d-b7fe-802735cf8a4a" />
      <TestMethod codeBase="C:\code\opensource\bitsplat\src\bitsplat.Tests\bin\Debug\net7.0\bitsplat.Tests.dll" adapterTypeName="executor://nunit3testexecutor/" className="bitsplat.Tests.Storage.TestLocalFileSystem+IsDirectory" name="WhenDirectoryExists_RelativeToCtorPath_ShouldReturnTrue" />
    </UnitTest>
    <UnitTest name="ShouldStringMapParameterByName" storage="c:\code\opensource\bitsplat\src\bitsplat.tests\bin\debug\net7.0\bitsplat.tests.dll" id="390ede40-ce67-1def-f02e-03ac0744ae39">
      <Execution id="bd1e34d4-caa5-4949-b1bd-ca9347f134d8" />
      <TestMethod codeBase="C:\code\opensource\bitsplat\src\bitsplat.Tests\bin\Debug\net7.0\bitsplat.Tests.dll" adapterTypeName="executor://nunit3testexecutor/" className="bitsplat.Tests.TestArgs+LowLevelParsing+BuildingParser+ParsedArgumentsBuilding+WhenNoArgs+ParsingOntoCustomType" name="ShouldStringMapParameterByName" />
    </UnitTest>
    <UnitTest name="ShouldImplement_(bitsplat.Pipes.IPassThrough)" storage="c:\code\opensource\bitsplat\src\bitsplat.tests\bin\debug\net7.0\bitsplat.tests.dll" id="4136d632-8479-e080-7808-2da09e9ae27e">
      <Execution id="eeb28c2c-26c3-4f25-bbdc-07ff1414b937" />
      <TestMethod codeBase="C:\code\opensource\bitsplat\src\bitsplat.Tests\bin\Debug\net7.0\bitsplat.Tests.dll" adapterTypeName="executor://nunit3testexecutor/" className="bitsplat.Tests.TestSingleResourceProgress+Contracts" name="ShouldImplement_(bitsplat.Pipes.IPassThrough)" />
    </UnitTest>
    <UnitTest name="ShouldEjectFirstMatch" storage="c:\code\opensource\bitsplat\src\bitsplat.tests\bin\debug\net7.0\bitsplat.tests.dll" id="6e66e724-d524-3e58-45fe-24c4b735442c">
      <Execution id="73a75a65-e025-4246-b4ed-19f2d9d2ee4e" />
      <TestMethod codeBase="C:\code\opensource\bitsplat\src\bitsplat.Tests\bin\Debug\net7.0\bitsplat.Tests.dll" adapterTypeName="executor://nunit3testexecutor/" className="bitsplat.Tests.TestArgs+LowLevelParsing+FindArgs" name="ShouldEjectFirstMatch" />
    </UnitTest>
    <UnitTest name="Exists" storage="c:\code\opensource\bitsplat\src\bitsplat.tests\bin\debug\net7.0\bitsplat.tests.dll" id="7a56ef44-407f-764e-f3a1-34d6f1321bee">
      <Execution id="d8cf9e4a-6ad0-4a45-939d-671114b774cd" />
      <TestMethod codeBase="C:\code\opensource\bitsplat\src\bitsplat.Tests\bin\Debug\net7.0\bitsplat.Tests.dll" adapterTypeName="executor://nunit3testexecutor/" className="bitsplat.Tests.Storage.TestCachingFileSystem+ShouldCacheCallsTo" name="Exists" />
    </UnitTest>
    <UnitTest name="ShouldIgnoreDotFilesByDefault" storage="c:\code\opensource\bitsplat\src\bitsplat.tests\bin\debug\net7.0\bitsplat.tests.dll" id="0c8bea50-10cf-abf9-5668-679f828098f4">
      <Execution id="dc36bac4-512d-44a2-9374-c7d8c2290c54" />
      <TestMethod codeBase="C:\code\opensource\bitsplat\src\bitsplat.Tests\bin\Debug\net7.0\bitsplat.Tests.dll" adapterTypeName="executor://nunit3testexecutor/" className="bitsplat.Tests.Storage.TestLocalFileSystem+ListRecursive" name="ShouldIgnoreDotFilesByDefault" />
    </UnitTest>
[...]
    <TestEntry testId="0f4ba632-5df9-0a69-361a-6e89f2ce2911" executionId="e5876313-73ef-4dd5-b72a-d823b35be2f5" testListId="8c84fa94-04c1-424b-9868-57a2d4851a1d" />
    <TestEntry testId="4a15ef16-3c73-e520-1af2-7b0c24b69de0" executionId="1412e759-d30d-4e86-b0ff-238944128b85" testListId="8c84fa94-04c1-424b-9868-57a2d4851a1d" />
    <TestEntry testId="9755712c-59bf-8ccb-d3e2-9a44d12c7d0e" executionId="52efb27c-7af1-45af-a0e0-2c833afbfd5a" testListId="8c84fa94-04c1-424b-9868-57a2d4851a1d" />
    <TestEntry testId="1b0df49c-646f-7dd3-bb72-1a0b6e8c8bbf" executionId="666986c4-a170-4c2b-8b46-200dd8c77978" testListId="8c84fa94-04c1-424b-9868-57a2d4851a1d" />
    <TestEntry testId="d2256251-e824-9798-a04e-af7c6cae6528" executionId="913fa5b7-909a-479f-8fa6-144607d91c53" testListId="8c84fa94-04c1-424b-9868-57a2d4851a1d" />
    <TestEntry testId="529cb022-9f15-cb41-b495-fc10503072e2" executionId="b050dca0-216a-4f97-82e6-4db874affa17" testListId="8c84fa94-04c1-424b-9868-57a2d4851a1d" />
    <TestEntry testId="60611969-abf2-5aa2-ccc6-ea3fc7ce4230" executionId="41953925-b4e8-47ec-8466-b4597533c0fb" testListId="8c84fa94-04c1-424b-9868-57a2d4851a1d" />
    <TestEntry testId="23c9824e-9cbc-71a7-1f17-aa3d7ca220fd" executionId="3c722f6a-b4a5-45e2-be99-7e32cc156470" testListId="8c84fa94-04c1-424b-9868-57a2d4851a1d" />
    <TestEntry testId="4b4f677a-bf86-5b46-b9d7-7d0c86560b58" executionId="0b50b703-7860-40a6-b0cd-9299c29d68f4" testListId="8c84fa94-04c1-424b-9868-57a2d4851a1d" />
    <TestEntry testId="7d01fddd-4428-9d6d-7a55-d73445d1b7d7" executionId="04a80bfb-30db-4c85-bdba-4020bb125f64" testListId="8c84fa94-04c1-424b-9868-57a2d4851a1d" />
    <TestEntry testId="649dce54-c09d-dba1-037d-779b98ecf08b" executionId="f5e083d8-799c-435a-8dfa-eeea65b3da46" testListId="8c84fa94-04c1-424b-9868-57a2d4851a1d" />
    <TestEntry testId="b1f9c44a-9f81-b9da-10a9-ad70c8b76ab8" executionId="b170a3bd-992e-4cae-9d7a-471e670f25b1" testListId="8c84fa94-04c1-424b-9868-57a2d4851a1d" />
    <TestEntry testId="bb2b4506-99db-1a0b-7867-6d3160899a7a" executionId="012bed3d-4dae-46f7-8fb6-d6f02634b5d5" testListId="8c84fa94-04c1-424b-9868-57a2d4851a1d" />
    <TestEntry testId="654627c3-4959-8f2f-52e1-90606ca2258f" executionId="c529a382-c1cf-4860-a263-7f50535fd341" testListId="8c84fa94-04c1-424b-9868-57a2d4851a1d" />
    <TestEntry testId="0470aa83-d322-7059-ec3b-af32ee9ba303" executionId="7b62830a-f0ee-4cd2-9a34-88778132b1a3" testListId="8c84fa94-04c1-424b-9868-57a2d4851a1d" />
    <TestEntry testId="f4d33649-8190-7088-934c-98e220293272" executionId="c5745e66-733c-426d-b7fe-802735cf8a4a" testListId="8c84fa94-04c1-424b-9868-57a2d4851a1d" />
    <TestEntry testId="7f9d7812-adc7-9f9a-f65c-c82532c819d6" executionId="3ed9c08e-b1e5-4639-a349-74b50e2e84e2" testListId="8c84fa94-04c1-424b-9868-57a2d4851a1d" />
    <TestEntry testId="569d61ea-b09f-1b13-8b94-ef0d6c52affd" executionId="7ed84ef9-c944-4947-b85b-0eecbce69fbc" testListId="8c84fa94-04c1-424b-9868-57a2d4851a1d" />
    <TestEntry testId="23970955-eb95-5e4e-ebc2-526710ef8e11" executionId="fa947fea-9330-4cb8-b8ae-76fa3aafc4de" testListId="8c84fa94-04c1-424b-9868-57a2d4851a1d" />
    <TestEntry testId="461fcb1b-5947-9cfe-8f18-bd5d18cf2704" executionId="b04d7112-37a0-47f6-9621-d472329f1121" testListId="8c84fa94-04c1-424b-9868-57a2d4851a1d" />
    <TestEntry testId="d4c893c9-5d1d-7145-584a-077a9ecf0ed0" executionId="ac5ba60c-4c1d-4fd2-989a-367e67c9fc2f" testListId="8c84fa94-04c1-424b-9868-57a2d4851a1d" />
    <TestEntry testId="19350600-9912-c607-1641-7ec45b829c6a" executionId="c6fb9cbb-215e-47ab-86a7-062ab8a91a60" testListId="8c84fa94-04c1-424b-9868-57a2d4851a1d" />
    <TestEntry testId="8885bb3d-e814-fe39-8890-77f9e5d72980" executionId="e664bd95-290d-4005-a133-9d4a78267fba" testListId="8c84fa94-04c1-424b-9868-57a2d4851a1d" />
    <TestEntry testId="33ae588d-ea1a-2c78-a8ba-f247e1f5ae06" executionId="9380972c-e7dc-45ed-958d-4087e0478283" testListId="8c84fa94-04c1-424b-9868-57a2d4851a1d" />
    <TestEntry testId="cfa7981a-b050-4927-dd68-ef61421b1331" executionId="ef80d133-830e-4faa-b87f-c3f4d34f2d0a" testListId="8c84fa94-04c1-424b-9868-57a2d4851a1d" />
    <TestEntry testId="730e88ef-c11c-0b3e-62dc-1c7e9f6d30b6" executionId="d72d7b04-063d-453b-998d-bb3b9e6ab091" testListId="8c84fa94-04c1-424b-9868-57a2d4851a1d" />
    <TestEntry testId="b0551ce6-139c-7e36-8845-266360c875c3" executionId="d669103b-9965-491b-bc60-c7dd1d776e91" testListId="8c84fa94-04c1-424b-9868-57a2d4851a1d" />
    <TestEntry testId="861f82ac-2a1e-9e00-1f4b-8e78e362fe2b" executionId="120c1bb1-974a-459e-84cd-78754aba2835" testListId="8c84fa94-04c1-424b-9868-57a2d4851a1d" />
    <TestEntry testId="781a18a4-a802-291f-fde0-7cd9fcdc3620" executionId="0e3c686d-1332-4c90-959d-ba59b1ff1bc4" testListId="8c84fa94-04c1-424b-9868-57a2d4851a1d" />
    <TestEntry testId="330c0246-7935-3404-24d2-0dae1a223b36" executionId="ee3fb1a5-2009-4ee4-82fa-49c41cd635ef" testListId="8c84fa94-04c1-424b-9868-57a2d4851a1d" />
    <TestEntry testId="3a5f31fe-ad4c-aa3e-88c0-9131fd10711f" executionId="42007ac6-a262-4e14-8b52-a32c10c8b12e" testListId="8c84fa94-04c1-424b-9868-57a2d4851a1d" />
    <TestEntry testId="8674af1a-892b-f91e-7433-de02392803b0" executionId="b73ba844-67d7-4124-ab70-4655aab666e9" testListId="8c84fa94-04c1-424b-9868-57a2d4851a1d" />
    <TestEntry testId="0d805638-4336-4277-19c3-cb3838da7d87" executionId="108b1f47-a1cf-48ef-a2ee-cec037247a96" testListId="8c84fa94-04c1-424b-9868-57a2d4851a1d" />
    <TestEntry testId="8f0704eb-f5f7-8b7a-c5d4-8c0a6143e523" executionId="e4aab945-6e8e-4f95-9bc8-525d7cbb5212" testListId="8c84fa94-04c1-424b-9868-57a2d4851a1d" />
    <TestEntry testId="b6fdc567-acff-975a-c305-d68a8b4434ed" executionId="6f9b2237-fcf9-40af-b870-ce91b6e66451" testListId="8c84fa94-04c1-424b-9868-57a2d4851a1d" />
    <TestEntry testId="172dcbd2-83e0-d1f8-d3f7-83b797467677" executionId="1ad53576-b023-41b8-b24e-9f0c69fcae00" testListId="8c84fa94-04c1-424b-9868-57a2d4851a1d" />
    <TestEntry testId="6e66e724-d524-3e58-45fe-24c4b735442c" executionId="73a75a65-e025-4246-b4ed-19f2d9d2ee4e" testListId="8c84fa94-04c1-424b-9868-57a2d4851a1d" />
    <TestEntry testId="29470528-a06e-bbb7-a56d-70883f3fa310" executionId="d519a711-f4af-4bc6-95f0-a1dacca96a40" testListId="8c84fa94-04c1-424b-9868-57a2d4851a1d" />
    <TestEntry testId="72824386-63e3-0cd2-f8a6-cb6c9c708c40" executionId="ccd79d9d-388a-43c4-af77-07fecab832e6" testListId="8c84fa94-04c1-424b-9868-57a2d4851a1d" />
    <TestEntry testId="6efde1de-75b0-4893-7864-143637bb6f21" executionId="9cf9fde7-3b9b-498a-9b0d-3af9af174619" testListId="8c84fa94-04c1-424b-9868-57a2d4851a1d" />
    <TestEntry testId="6f4bbc19-7977-8610-c5c0-8b50a12f1532" executionId="eb35333b-fc0a-45ae-a3ca-d2bd8bdc8988" testListId="8c84fa94-04c1-424b-9868-57a2d4851a1d" />
    <TestEntry testId="405296d1-d92a-d814-94f1-b84231bc3d78" executionId="8853879a-dc52-4e7d-ad08-40207c0b9917" testListId="8c84fa94-04c1-424b-9868-57a2d4851a1d" />
    <TestEntry testId="26bf5f37-8638-a03f-253c-8796bd74facf" executionId="9d711054-04df-42fc-9d03-2c33f81c5db4" testListId="8c84fa94-04c1-424b-9868-57a2d4851a1d" />
    <TestEntry testId="b2147454-4902-4d1f-d1ce-954c82708d46" executionId="f4ed02b3-02d1-4ca5-a5e4-08160fa90608" testListId="8c84fa94-04c1-424b-9868-57a2d4851a1d" />
    <TestEntry testId="a30c5edd-fd78-0d88-1e39-91dc0e6a037c" executionId="1310b9f1-a19b-454c-b015-e32559f02e1a" testListId="8c84fa94-04c1-424b-9868-57a2d4851a1d" />
    <TestEntry testId="5ce7de8f-0e2e-716c-c876-d56e48a3e65b" executionId="d3255a5f-d56a-47e8-bd3a-2108ec1a2306" testListId="8c84fa94-04c1-424b-9868-57a2d4851a1d" />
    <TestEntry testId="495cd582-a0cd-cf11-39cc-548e6822f583" executionId="5e3bffe3-c9d9-48a4-b887-fafe86c90e9c" testListId="8c84fa94-04c1-424b-9868-57a2d4851a1d" />
    <TestEntry testId="2d2961b7-c296-3be3-d14a-adf7e010c574" executionId="32870a2e-3e34-44cc-8528-6874510f3706" testListId="8c84fa94-04c1-424b-9868-57a2d4851a1d" />
    <TestEntry testId="c3ef5243-a032-3c57-624e-7eaf3151f336" executionId="389af55a-575d-4090-b9a0-29d0d0619bae" testListId="8c84fa94-04c1-424b-9868-57a2d4851a1d" />
    <TestEntry testId="db5e3d0a-b2af-6f33-5b36-78fbd05aee39" executionId="fbe95000-9997-4ded-9f62-b16c5b51b53d" testListId="8c84fa94-04c1-424b-9868-57a2d4851a1d" />
    <TestEntry testId="e7f4d793-eba4-4fb7-11ea-b0629037a9ca" executionId="0d0b5bf2-eb26-4f62-85dd-ec3b968cb4ee" testListId="8c84fa94-04c1-424b-9868-57a2d4851a1d" />
    <TestEntry testId="b531c0e1-37cc-2e84-5565-760c98d72cbc" executionId="353bea01-feb8-4859-988b-07fec41b6a20" testListId="8c84fa94-04c1-424b-9868-57a2d4851a1d" />
    <TestEntry testId="bc2b435c-9d4a-86fa-ff82-cbd78c1c89d2" executionId="c5ef7de4-8f4d-4fd6-8742-451dab7387cd" testListId="8c84fa94-04c1-424b-9868-57a2d4851a1d" />
  </TestEntries>
  <TestLists>
    <TestList name="Results Not in a List" id="8c84fa94-04c1-424b-9868-57a2d4851a1d" />
    <TestList name="All Loaded Results" id="19431567-8539-422a-85d7-44ee4e166bda" />
  </TestLists>
  <ResultSummary outcome="Completed">
    <Counters total="134" executed="127" passed="127" failed="0" error="0" timeout="0" aborted="0" inconclusive="0" passedButRunAborted="0" notRunnable="0" notExecuted="0" disconnected="0" warning="0" completed="0" inProgress="0" pending="0" />
    <Output>
      <StdOut>NUnit Adapter 4.3.1.0: Test execution started&#xD;
Running all tests in C:\code\opensource\bitsplat\src\bitsplat.Tests\bin\Debug\net7.0\bitsplat.Tests.dll&#xD;
   NUnit3TestExecutor discovered 127 of 134 NUnit test cases using Current Discovery mode, Non-Explicit run&#xD;
ResolveMany: Discovery&#xD;
IdeallyAsArrayConstructorParameter: Discovery&#xD;
KeyedResolutions: Discovery&#xD;
ShouldBeEmptyWhenNoImplementationsFound: Discovery&#xD;
WhenStringHasDashes: Discovery&#xD;
WriteMemStreamWithInitialData: Discovery&#xD;
StrangeFile: discovery&#xD;
NUnit Adapter 4.3.1.0: Test execution complete&#xD;
</StdOut>
    </Output>
    <RunInfos>
      <RunInfo computerName="CODEO-LT-45" outcome="Warning" timestamp="2022-12-05T16:42:32.4433184+02:00">
        <Text>{&#xD;
  initialDb: {&#xD;
    Id: 1&#xD;
    Path: "hi43bd8kqb"&#xD;
    Size: 3&#xD;
    Created: 12/05/2022 14:42:31 (Utc)&#xD;
    Modified: 12/05/2022 14:42:31 (Utc)&#xD;
  }&#xD;
  afterUpsert: {&#xD;
    Id: 1&#xD;
    Path: "hi43bd8kqb"&#xD;
    Size: 2&#xD;
    Created: 12/05/2022 14:42:31 (Utc)&#xD;
    Modified: 12/05/2022 14:42:32 (Utc)&#xD;
  }&#xD;
  afterInitialInsert: 12/05/2022 14:42:32 (Utc)&#xD;
}&#xD;
</Text>
      </RunInfo>
      <RunInfo computerName="CODEO-LT-45" outcome="Warning" timestamp="2022-12-05T16:42:32.7861549+02:00">
        <Text>&#xD;
Listing resources under C:\Temp\f6b5a5b3-37f6-4dc7-aaf7-8acde59128bb\target [ OK ]&#xD;
&#xD;
Listing resources under C:\Temp\f6b5a5b3-37f6-4dc7-aaf7-8acde59128bb\source [ OK ]&#xD;
&#xD;
Listing resources under C:\Temp\f6b5a5b3-37f6-4dc7-aaf7-8acde59128bb\archive [ OK ]&#xD;
&#xD;
Comparing source and target [ OK ]&#xD;
Start archive: C:\Temp\f6b5a5b3-37f6-4dc7-aaf7-8acde59128bb\source =&gt; C:\Temp\f6b5a5b3-37f6-4dc7-aaf7-8acde59128bb\archive&#xD;
Overall transfer: 1 file, 206.8K&#xD;
&#xD;
&#xD;
&#xD;
Some Series\Season 01\Episode 1.mkv        &#xD;
                                            &#xD;
&#xD;
Some Series\Season 01\Episode 1.mkv  [ OK ]&#xD;
Start archive: C:\Temp\f6b5a5b3-37f6-4dc7-aaf7-8acde59128bb\source =&gt; C:\Temp\f6b5a5b3-37f6-4dc7-aaf7-8acde59128bb\archive&#xD;
Transferred 1 file, 206.8K, 0:00, avg 43.3M/s&#xD;
&#xD;
Comparing source and target [ OK ]&#xD;
&#xD;
&#xD;
&#xD;
Some Series\Season 01\Episode 2.mkv        &#xD;
                                            &#xD;
&#xD;
Some Series\Season 01\Episode 2.mkv  [ OK ]&#xD;
</Text>
      </RunInfo>
      <RunInfo computerName="CODEO-LT-45" outcome="Warning" timestamp="2022-12-05T16:42:32.8351004+02:00">
        <Text>&#xD;
Listing resources under C:\Temp\bd0846a5-78c3-485d-8356-234108483534\source [ OK ]&#xD;
&#xD;
Listing resources under C:\Temp\bd0846a5-78c3-485d-8356-234108483534\target [ OK ]&#xD;
&#xD;
Comparing source and target [ OK ]&#xD;
Start sync: C:\Temp\bd0846a5-78c3-485d-8356-234108483534\source =&gt; C:\Temp\bd0846a5-78c3-485d-8356-234108483534\target&#xD;
Overall transfer: 1 file, 947.2K&#xD;
&#xD;
&#xD;
&#xD;
4owq1e145        &#xD;
                  &#xD;
&#xD;
4owq1e145  [ OK ]&#xD;
Start sync: C:\Temp\bd0846a5-78c3-485d-8356-234108483534\source =&gt; C:\Temp\bd0846a5-78c3-485d-8356-234108483534\target&#xD;
Transferred 1 file, 947.2K, 0:00, avg 288.8M/s&#xD;
</Text>
      </RunInfo>
      <RunInfo computerName="CODEO-LT-45" outcome="Warning" timestamp="2022-12-05T16:42:32.8900264+02:00">
        <Text>&#xD;
Listing resources under C:\Temp\77237d09-1230-4c75-843c-c2a6a25ec5cc\source [ OK ]&#xD;
&#xD;
Listing resources under C:\Temp\77237d09-1230-4c75-843c-c2a6a25ec5cc\target [ OK ]&#xD;
&#xD;
Comparing source and target [ OK ]&#xD;
Start sync: C:\Temp\77237d09-1230-4c75-843c-c2a6a25ec5cc\source =&gt; C:\Temp\77237d09-1230-4c75-843c-c2a6a25ec5cc\target&#xD;
Overall transfer: 1 file, 511.1K&#xD;
&#xD;
&#xD;
&#xD;
lnbwao7        &#xD;
                &#xD;
&#xD;
lnbwao7  [ OK ]&#xD;
Start sync: C:\Temp\77237d09-1230-4c75-843c-c2a6a25ec5cc\source =&gt; C:\Temp\77237d09-1230-4c75-843c-c2a6a25ec5cc\target&#xD;
Transferred 1 file, 511.1K, 0:00, avg 98.0M/s&#xD;
</Text>
      </RunInfo>
      <RunInfo computerName="CODEO-LT-45" outcome="Warning" timestamp="2022-12-05T16:42:32.9269830+02:00">
        <Text>&#xD;
Listing resources under C:\Temp\44bb0e9c-b510-40c0-b2d2-53ae0193ac2e\source [ OK ]&#xD;
&#xD;
Listing resources under C:\Temp\44bb0e9c-b510-40c0-b2d2-53ae0193ac2e\target [ OK ]&#xD;
&#xD;
Comparing source and target [ OK ]&#xD;
Start sync: C:\Temp\44bb0e9c-b510-40c0-b2d2-53ae0193ac2e\source =&gt; C:\Temp\44bb0e9c-b510-40c0-b2d2-53ae0193ac2e\target&#xD;
Overall transfer: 1 file, 560.2K&#xD;
&#xD;
&#xD;
&#xD;
d7qmsco        &#xD;
                &#xD;
&#xD;
d7qmsco  [ OK ]&#xD;
Start sync: C:\Temp\44bb0e9c-b510-40c0-b2d2-53ae0193ac2e\source =&gt; C:\Temp\44bb0e9c-b510-40c0-b2d2-53ae0193ac2e\target&#xD;
Transferred 1 file, 560.2K, 0:00, avg 83.9M/s&#xD;
&#xD;
Listing resources under C:\Temp\44bb0e9c-b510-40c0-b2d2-53ae0193ac2e\source [ OK ]&#xD;
&#xD;
Listing resources under C:\Temp\44bb0e9c-b510-40c0-b2d2-53ae0193ac2e\target [ OK ]&#xD;
&#xD;
Comparing source and target [ OK ]&#xD;
&#xD;
Recording skipped item history [ OK ]&#xD;
Up to date: C:\Temp\44bb0e9c-b510-40c0-b2d2-53ae0193ac2e\source =&gt; C:\Temp\44bb0e9c-b510-40c0-b2d2-53ae0193ac2e\target&#xD;
</Text>
      </RunInfo>
      <RunInfo computerName="CODEO-LT-45" outcome="Warning" timestamp="2022-12-05T16:42:32.9754058+02:00">
        <Text>&#xD;
Listing resources under C:\Temp\74cdb08a-6a77-4537-9556-6fbe4a1b0f79\target [ OK ]&#xD;
&#xD;
Listing resources under C:\Temp\74cdb08a-6a77-4537-9556-6fbe4a1b0f79\source [ OK ]&#xD;
&#xD;
Listing resources under C:\Temp\74cdb08a-6a77-4537-9556-6fbe4a1b0f79\archive [ OK ]&#xD;
&#xD;
Comparing source and target [ OK ]&#xD;
Up to date: C:\Temp\74cdb08a-6a77-4537-9556-6fbe4a1b0f79\source =&gt; C:\Temp\74cdb08a-6a77-4537-9556-6fbe4a1b0f79\archive&#xD;
&#xD;
Comparing source and target [ OK ]&#xD;
Start sync: C:\Temp\74cdb08a-6a77-4537-9556-6fbe4a1b0f79\source =&gt; C:\Temp\74cdb08a-6a77-4537-9556-6fbe4a1b0f79\target&#xD;
Overall transfer: 1 file, 802.6K&#xD;
&#xD;
&#xD;
&#xD;
Movie.mkv        &#xD;
                  &#xD;
&#xD;
Movie.mkv  [ OK ]&#xD;
Start sync: C:\Temp\74cdb08a-6a77-4537-9556-6fbe4a1b0f79\source =&gt; C:\Temp\74cdb08a-6a77-4537-9556-6fbe4a1b0f79\target&#xD;
Transferred 1 file, 802.6K, 0:00, avg 109.0M/s&#xD;
&#xD;
Listing resources under C:\Temp\74cdb08a-6a77-4537-9556-6fbe4a1b0f79\target [ OK ]&#xD;
&#xD;
Listing resources under C:\Temp\74cdb08a-6a77-4537-9556-6fbe4a1b0f79\source [ OK ]&#xD;
&#xD;
Listing resources under C:\Temp\74cdb08a-6a77-4537-9556-6fbe4a1b0f79\archive [ OK ]&#xD;
&#xD;
Comparing source and target [ OK ]&#xD;
Start archive: C:\Temp\74cdb08a-6a77-4537-9556-6fbe4a1b0f79\source =&gt; C:\Temp\74cdb08a-6a77-4537-9556-6fbe4a1b0f79\archive&#xD;
Overall transfer: 1 file, 802.6K&#xD;
&#xD;
&#xD;
&#xD;
Movie.mkv        &#xD;
                  &#xD;
&#xD;
Movie.mkv  [ OK ]&#xD;
Start archive: C:\Temp\74cdb08a-6a77-4537-9556-6fbe4a1b0f79\source =&gt; C:\Temp\74cdb08a-6a77-4537-9556-6fbe4a1b0f79\archive&#xD;
Transferred 1 file, 802.6K, 0:00, avg 291.1M/s&#xD;
&#xD;
Comparing source and target [ OK ]&#xD;
Up to date: C:\Temp\74cdb08a-6a77-4537-9556-6fbe4a1b0f79\source =&gt; C:\Temp\74cdb08a-6a77-4537-9556-6fbe4a1b0f79\target&#xD;
&#xD;
Listing resources under C:\Temp\74cdb08a-6a77-4537-9556-6fbe4a1b0f79\target [ OK ]&#xD;
&#xD;
Listing resources under C:\Temp\74cdb08a-6a77-4537-9556-6fbe4a1b0f79\source [ OK ]&#xD;
&#xD;
Listing resources under C:\Temp\74cdb08a-6a77-4537-9556-6fbe4a1b0f79\archive [ OK ]&#xD;
&#xD;
Comparing source and target [ OK ]&#xD;
Up to date: C:\Temp\74cdb08a-6a77-4537-9556-6fbe4a1b0f79\source =&gt; C:\Temp\74cdb08a-6a77-4537-9556-6fbe4a1b0f79\archive&#xD;
&#xD;
Comparing source and target [ OK ]&#xD;
&#xD;
Recording skipped item history [ OK ]&#xD;
Up to date: C:\Temp\74cdb08a-6a77-4537-9556-6fbe4a1b0f79\source =&gt; C:\Temp\74cdb08a-6a77-4537-9556-6fbe4a1b0f79\target&#xD;
</Text>
      </RunInfo>
      <RunInfo computerName="CODEO-LT-45" outcome="Warning" timestamp="2022-12-05T16:42:33.0022592+02:00">
        <Text>&#xD;
Listing resources under C:\Temp\6c3f79d7-068c-419c-9ae4-bb8be69fe722\source [ OK ]&#xD;
&#xD;
Listing resources under C:\Temp\6c3f79d7-068c-419c-9ae4-bb8be69fe722\target [ OK ]&#xD;
&#xD;
Comparing source and target [ OK ]&#xD;
Start sync: C:\Temp\6c3f79d7-068c-419c-9ae4-bb8be69fe722\source =&gt; C:\Temp\6c3f79d7-068c-419c-9ae4-bb8be69fe722\target&#xD;
Overall transfer: 1 file, 262.1K&#xD;
&#xD;
&#xD;
&#xD;
3z7gscb6d9jl        &#xD;
                     &#xD;
&#xD;
3z7gscb6d9jl  [ OK ]&#xD;
Start sync: C:\Temp\6c3f79d7-068c-419c-9ae4-bb8be69fe722\source =&gt; C:\Temp\6c3f79d7-068c-419c-9ae4-bb8be69fe722\target&#xD;
Transferred 1 file, 262.1K, 0:00, avg 48.9M/s&#xD;
&#xD;
Listing resources under C:\Temp\6c3f79d7-068c-419c-9ae4-bb8be69fe722\source [ OK ]&#xD;
&#xD;
Listing resources under C:\Temp\6c3f79d7-068c-419c-9ae4-bb8be69fe722\target [ OK ]&#xD;
&#xD;
Comparing source and target [ OK ]&#xD;
Start sync: C:\Temp\6c3f79d7-068c-419c-9ae4-bb8be69fe722\source =&gt; C:\Temp\6c3f79d7-068c-419c-9ae4-bb8be69fe722\target&#xD;
Overall transfer: 1 file, 262.1K&#xD;
&#xD;
&#xD;
&#xD;
3z7gscb6d9jl        &#xD;
                     &#xD;
&#xD;
3z7gscb6d9jl  [ OK ]&#xD;
Start sync: C:\Temp\6c3f79d7-068c-419c-9ae4-bb8be69fe722\source =&gt; C:\Temp\6c3f79d7-068c-419c-9ae4-bb8be69fe722\target&#xD;
Transferred 1 file, 262.1K, 0:00, avg 177.5M/s&#xD;
</Text>
      </RunInfo>
      <RunInfo computerName="CODEO-LT-45" outcome="Warning" timestamp="2022-12-05T16:42:33.0389174+02:00">
        <Text>&#xD;
Listing resources under C:\Temp\c1b39708-17b0-4827-af62-069f2bc7678e\source [ OK ]&#xD;
&#xD;
Listing resources under C:\Temp\c1b39708-17b0-4827-af62-069f2bc7678e\target [ OK ]&#xD;
&#xD;
Comparing source and target [ OK ]&#xD;
Start sync: C:\Temp\c1b39708-17b0-4827-af62-069f2bc7678e\source =&gt; C:\Temp\c1b39708-17b0-4827-af62-069f2bc7678e\target&#xD;
Overall transfer: 2 files, 1.8M&#xD;
&#xD;
&#xD;
&#xD;
mu27g4l                                       &#xD;
                                               &#xD;
&#xD;
mu27g4l                                 [ OK ]&#xD;
&#xD;
&#xD;
&#xD;
xve0wo\Season 04\S04E01 Epic Title.mkv        &#xD;
                                               &#xD;
&#xD;
xve0wo\Season 04\S04E01 Epic Title.mkv  [ OK ]&#xD;
Start sync: C:\Temp\c1b39708-17b0-4827-af62-069f2bc7678e\source =&gt; C:\Temp\c1b39708-17b0-4827-af62-069f2bc7678e\target&#xD;
Transferred 2 files, 1.8M, 0:00, avg 145.8M/s&#xD;
</Text>
      </RunInfo>
    </RunInfos>
  </ResultSummary>
</TestRun>